This is pdfTeX, Version 3.14159265-2.6-1.40.19 (TeX Live 2019/dev/Debian) (preloaded format=pdflatex 2018.6.14)  24 SEP 2018 19:27
entering extended mode
 restricted \write18 enabled.
 %&-line parsing enabled.
**hoorcollege_uva
(./hoorcollege_uva.tex
LaTeX2e <2018-04-01> patch level 4
Babel <3.20> and hyphenation patterns for 84 language(s) loaded.
(/usr/share/texlive/texmf-dist/tex/latex/beamer/beamer.cls
Document Class: beamer 2018/02/20 v3.50 A class for typesetting presentations
(/usr/share/texlive/texmf-dist/tex/latex/beamer/beamerbasemodes.sty
(/usr/share/texlive/texmf-dist/tex/latex/etoolbox/etoolbox.sty
Package: etoolbox 2018/02/11 v2.5e e-TeX tools for LaTeX (JAW)
\etb@tempcnta=\count80
)
\beamer@tempbox=\box26
\beamer@tempcount=\count81
\c@beamerpauses=\count82

(/usr/share/texlive/texmf-dist/tex/latex/beamer/beamerbasedecode.sty
\beamer@slideinframe=\count83
\beamer@minimum=\count84
)
\beamer@commentbox=\box27
\beamer@modecount=\count85
)
(/usr/share/texlive/texmf-dist/tex/generic/oberdiek/ifpdf.sty
Package: ifpdf 2017/03/15 v3.2 Provides the ifpdf switch
)
\headdp=\dimen102
\footheight=\dimen103
\sidebarheight=\dimen104
\beamer@tempdim=\dimen105
\beamer@finalheight=\dimen106
\beamer@animht=\dimen107
\beamer@animdp=\dimen108
\beamer@animwd=\dimen109
\beamer@leftmargin=\dimen110
\beamer@rightmargin=\dimen111
\beamer@leftsidebar=\dimen112
\beamer@rightsidebar=\dimen113
\beamer@boxsize=\dimen114
\beamer@vboxoffset=\dimen115
\beamer@descdefault=\dimen116
\beamer@descriptionwidth=\dimen117
\beamer@lastskip=\skip41
\beamer@areabox=\box28
\beamer@animcurrent=\box29
\beamer@animshowbox=\box30
\beamer@sectionbox=\box31
\beamer@logobox=\box32
\beamer@linebox=\box33
\beamer@sectioncount=\count86
\beamer@subsubsectionmax=\count87
\beamer@subsectionmax=\count88
\beamer@sectionmax=\count89
\beamer@totalheads=\count90
\beamer@headcounter=\count91
\beamer@partstartpage=\count92
\beamer@sectionstartpage=\count93
\beamer@subsectionstartpage=\count94
\beamer@animationtempa=\count95
\beamer@animationtempb=\count96
\beamer@xpos=\count97
\beamer@ypos=\count98
\beamer@ypos@offset=\count99
\beamer@showpartnumber=\count100
\beamer@currentsubsection=\count101
\beamer@coveringdepth=\count102
\beamer@sectionadjust=\count103
\beamer@tocsectionnumber=\count104

(/usr/share/texlive/texmf-dist/tex/latex/beamer/beamerbaseoptions.sty
(/usr/share/texlive/texmf-dist/tex/latex/graphics/keyval.sty
Package: keyval 2014/10/28 v1.15 key=value parser (DPC)
\KV@toks@=\toks14
))
\beamer@paperwidth=\skip42
\beamer@paperheight=\skip43

(/usr/share/texlive/texmf-dist/tex/latex/geometry/geometry.sty
Package: geometry 2018/03/24 v5.7 Page Geometry

(/usr/share/texlive/texmf-dist/tex/generic/oberdiek/ifvtex.sty
Package: ifvtex 2016/05/16 v1.6 Detect VTeX and its facilities (HO)
Package ifvtex Info: VTeX not detected.
)
(/usr/share/texlive/texmf-dist/tex/generic/ifxetex/ifxetex.sty
Package: ifxetex 2010/09/12 v0.6 Provides ifxetex conditional
)
\Gm@cnth=\count105
\Gm@cntv=\count106
\c@Gm@tempcnt=\count107
\Gm@bindingoffset=\dimen118
\Gm@wd@mp=\dimen119
\Gm@odd@mp=\dimen120
\Gm@even@mp=\dimen121
\Gm@layoutwidth=\dimen122
\Gm@layoutheight=\dimen123
\Gm@layouthoffset=\dimen124
\Gm@layoutvoffset=\dimen125
\Gm@dimlist=\toks15
)
(/usr/share/texlive/texmf-dist/tex/latex/base/size12.clo
File: size12.clo 2014/09/29 v1.4h Standard LaTeX file (size option)
)
(/usr/share/texlive/texmf-dist/tex/latex/pgf/basiclayer/pgfcore.sty
(/usr/share/texlive/texmf-dist/tex/latex/graphics/graphicx.sty
Package: graphicx 2017/06/01 v1.1a Enhanced LaTeX Graphics (DPC,SPQR)

(/usr/share/texlive/texmf-dist/tex/latex/graphics/graphics.sty
Package: graphics 2017/06/25 v1.2c Standard LaTeX Graphics (DPC,SPQR)

(/usr/share/texlive/texmf-dist/tex/latex/graphics/trig.sty
Package: trig 2016/01/03 v1.10 sin cos tan (DPC)
)
(/usr/share/texlive/texmf-dist/tex/latex/graphics-cfg/graphics.cfg
File: graphics.cfg 2016/06/04 v1.11 sample graphics configuration
)
Package graphics Info: Driver file: pdftex.def on input line 99.

(/usr/share/texlive/texmf-dist/tex/latex/graphics-def/pdftex.def
File: pdftex.def 2018/01/08 v1.0l Graphics/color driver for pdftex
))
\Gin@req@height=\dimen126
\Gin@req@width=\dimen127
)
(/usr/share/texlive/texmf-dist/tex/latex/pgf/systemlayer/pgfsys.sty
(/usr/share/texlive/texmf-dist/tex/latex/pgf/utilities/pgfrcs.sty
(/usr/share/texlive/texmf-dist/tex/generic/pgf/utilities/pgfutil-common.tex
\pgfutil@everybye=\toks16
\pgfutil@tempdima=\dimen128
\pgfutil@tempdimb=\dimen129

(/usr/share/texlive/texmf-dist/tex/generic/pgf/utilities/pgfutil-common-lists.t
ex)) (/usr/share/texlive/texmf-dist/tex/generic/pgf/utilities/pgfutil-latex.def
\pgfutil@abb=\box34
(/usr/share/texlive/texmf-dist/tex/latex/ms/everyshi.sty
Package: everyshi 2001/05/15 v3.00 EveryShipout Package (MS)
))
(/usr/share/texlive/texmf-dist/tex/generic/pgf/utilities/pgfrcs.code.tex
Package: pgfrcs 2015/08/07 v3.0.1a (rcs-revision 1.31)
))
(/usr/share/texlive/texmf-dist/tex/generic/pgf/systemlayer/pgfsys.code.tex
Package: pgfsys 2014/07/09 v3.0.1a (rcs-revision 1.48)

(/usr/share/texlive/texmf-dist/tex/generic/pgf/utilities/pgfkeys.code.tex
\pgfkeys@pathtoks=\toks17
\pgfkeys@temptoks=\toks18

(/usr/share/texlive/texmf-dist/tex/generic/pgf/utilities/pgfkeysfiltered.code.t
ex
\pgfkeys@tmptoks=\toks19
))
\pgf@x=\dimen130
\pgf@y=\dimen131
\pgf@xa=\dimen132
\pgf@ya=\dimen133
\pgf@xb=\dimen134
\pgf@yb=\dimen135
\pgf@xc=\dimen136
\pgf@yc=\dimen137
\w@pgf@writea=\write3
\r@pgf@reada=\read1
\c@pgf@counta=\count108
\c@pgf@countb=\count109
\c@pgf@countc=\count110
\c@pgf@countd=\count111
\t@pgf@toka=\toks20
\t@pgf@tokb=\toks21
\t@pgf@tokc=\toks22
 (/usr/share/texlive/texmf-dist/tex/generic/pgf/systemlayer/pgf.cfg
File: pgf.cfg 2008/05/14  (rcs-revision 1.7)
)
Driver file for pgf: pgfsys-pdftex.def

(/usr/share/texlive/texmf-dist/tex/generic/pgf/systemlayer/pgfsys-pdftex.def
File: pgfsys-pdftex.def 2014/10/11  (rcs-revision 1.35)

(/usr/share/texlive/texmf-dist/tex/generic/pgf/systemlayer/pgfsys-common-pdf.de
f
File: pgfsys-common-pdf.def 2013/10/10  (rcs-revision 1.13)
)))
(/usr/share/texlive/texmf-dist/tex/generic/pgf/systemlayer/pgfsyssoftpath.code.
tex
File: pgfsyssoftpath.code.tex 2013/09/09  (rcs-revision 1.9)
\pgfsyssoftpath@smallbuffer@items=\count112
\pgfsyssoftpath@bigbuffer@items=\count113
)
(/usr/share/texlive/texmf-dist/tex/generic/pgf/systemlayer/pgfsysprotocol.code.
tex
File: pgfsysprotocol.code.tex 2006/10/16  (rcs-revision 1.4)
)) (/usr/share/texlive/texmf-dist/tex/latex/xcolor/xcolor.sty
Package: xcolor 2016/05/11 v2.12 LaTeX color extensions (UK)

(/usr/share/texlive/texmf-dist/tex/latex/graphics-cfg/color.cfg
File: color.cfg 2016/01/02 v1.6 sample color configuration
)
Package xcolor Info: Driver file: pdftex.def on input line 225.
Package xcolor Info: Model `cmy' substituted by `cmy0' on input line 1348.
Package xcolor Info: Model `hsb' substituted by `rgb' on input line 1352.
Package xcolor Info: Model `RGB' extended on input line 1364.
Package xcolor Info: Model `HTML' substituted by `rgb' on input line 1366.
Package xcolor Info: Model `Hsb' substituted by `hsb' on input line 1367.
Package xcolor Info: Model `tHsb' substituted by `hsb' on input line 1368.
Package xcolor Info: Model `HSB' substituted by `hsb' on input line 1369.
Package xcolor Info: Model `Gray' substituted by `gray' on input line 1370.
Package xcolor Info: Model `wave' substituted by `hsb' on input line 1371.

(/usr/share/texlive/texmf-dist/tex/latex/graphics/dvipsnam.def
File: dvipsnam.def 2016/06/17 v3.0m Driver-dependent file (DPC,SPQR)
))
(/usr/share/texlive/texmf-dist/tex/generic/pgf/basiclayer/pgfcore.code.tex
Package: pgfcore 2010/04/11 v3.0.1a (rcs-revision 1.7)

(/usr/share/texlive/texmf-dist/tex/generic/pgf/math/pgfmath.code.tex
(/usr/share/texlive/texmf-dist/tex/generic/pgf/math/pgfmathcalc.code.tex
(/usr/share/texlive/texmf-dist/tex/generic/pgf/math/pgfmathutil.code.tex)
(/usr/share/texlive/texmf-dist/tex/generic/pgf/math/pgfmathparser.code.tex
\pgfmath@dimen=\dimen138
\pgfmath@count=\count114
\pgfmath@box=\box35
\pgfmath@toks=\toks23
\pgfmath@stack@operand=\toks24
\pgfmath@stack@operation=\toks25
)
(/usr/share/texlive/texmf-dist/tex/generic/pgf/math/pgfmathfunctions.code.tex
(/usr/share/texlive/texmf-dist/tex/generic/pgf/math/pgfmathfunctions.basic.code
.tex)
(/usr/share/texlive/texmf-dist/tex/generic/pgf/math/pgfmathfunctions.trigonomet
ric.code.tex)
(/usr/share/texlive/texmf-dist/tex/generic/pgf/math/pgfmathfunctions.random.cod
e.tex)
(/usr/share/texlive/texmf-dist/tex/generic/pgf/math/pgfmathfunctions.comparison
.code.tex)
(/usr/share/texlive/texmf-dist/tex/generic/pgf/math/pgfmathfunctions.base.code.
tex)
(/usr/share/texlive/texmf-dist/tex/generic/pgf/math/pgfmathfunctions.round.code
.tex)
(/usr/share/texlive/texmf-dist/tex/generic/pgf/math/pgfmathfunctions.misc.code.
tex)
(/usr/share/texlive/texmf-dist/tex/generic/pgf/math/pgfmathfunctions.integerari
thmetics.code.tex)))
(/usr/share/texlive/texmf-dist/tex/generic/pgf/math/pgfmathfloat.code.tex
\c@pgfmathroundto@lastzeros=\count115
))
(/usr/share/texlive/texmf-dist/tex/generic/pgf/basiclayer/pgfcorepoints.code.te
x
File: pgfcorepoints.code.tex 2013/10/07  (rcs-revision 1.27)
\pgf@picminx=\dimen139
\pgf@picmaxx=\dimen140
\pgf@picminy=\dimen141
\pgf@picmaxy=\dimen142
\pgf@pathminx=\dimen143
\pgf@pathmaxx=\dimen144
\pgf@pathminy=\dimen145
\pgf@pathmaxy=\dimen146
\pgf@xx=\dimen147
\pgf@xy=\dimen148
\pgf@yx=\dimen149
\pgf@yy=\dimen150
\pgf@zx=\dimen151
\pgf@zy=\dimen152
)
(/usr/share/texlive/texmf-dist/tex/generic/pgf/basiclayer/pgfcorepathconstruct.
code.tex
File: pgfcorepathconstruct.code.tex 2013/10/07  (rcs-revision 1.29)
\pgf@path@lastx=\dimen153
\pgf@path@lasty=\dimen154
)
(/usr/share/texlive/texmf-dist/tex/generic/pgf/basiclayer/pgfcorepathusage.code
.tex
File: pgfcorepathusage.code.tex 2014/11/02  (rcs-revision 1.24)
\pgf@shorten@end@additional=\dimen155
\pgf@shorten@start@additional=\dimen156
)
(/usr/share/texlive/texmf-dist/tex/generic/pgf/basiclayer/pgfcorescopes.code.te
x
File: pgfcorescopes.code.tex 2015/05/08  (rcs-revision 1.46)
\pgfpic=\box36
\pgf@hbox=\box37
\pgf@layerbox@main=\box38
\pgf@picture@serial@count=\count116
)
(/usr/share/texlive/texmf-dist/tex/generic/pgf/basiclayer/pgfcoregraphicstate.c
ode.tex
File: pgfcoregraphicstate.code.tex 2014/11/02  (rcs-revision 1.12)
\pgflinewidth=\dimen157
)
(/usr/share/texlive/texmf-dist/tex/generic/pgf/basiclayer/pgfcoretransformation
s.code.tex
File: pgfcoretransformations.code.tex 2015/08/07  (rcs-revision 1.20)
\pgf@pt@x=\dimen158
\pgf@pt@y=\dimen159
\pgf@pt@temp=\dimen160
)
(/usr/share/texlive/texmf-dist/tex/generic/pgf/basiclayer/pgfcorequick.code.tex
File: pgfcorequick.code.tex 2008/10/09  (rcs-revision 1.3)
)
(/usr/share/texlive/texmf-dist/tex/generic/pgf/basiclayer/pgfcoreobjects.code.t
ex
File: pgfcoreobjects.code.tex 2006/10/11  (rcs-revision 1.2)
)
(/usr/share/texlive/texmf-dist/tex/generic/pgf/basiclayer/pgfcorepathprocessing
.code.tex
File: pgfcorepathprocessing.code.tex 2013/09/09  (rcs-revision 1.9)
)
(/usr/share/texlive/texmf-dist/tex/generic/pgf/basiclayer/pgfcorearrows.code.te
x
File: pgfcorearrows.code.tex 2015/05/14  (rcs-revision 1.43)
\pgfarrowsep=\dimen161
)
(/usr/share/texlive/texmf-dist/tex/generic/pgf/basiclayer/pgfcoreshade.code.tex
File: pgfcoreshade.code.tex 2013/07/15  (rcs-revision 1.15)
\pgf@max=\dimen162
\pgf@sys@shading@range@num=\count117
)
(/usr/share/texlive/texmf-dist/tex/generic/pgf/basiclayer/pgfcoreimage.code.tex
File: pgfcoreimage.code.tex 2013/07/15  (rcs-revision 1.18)

(/usr/share/texlive/texmf-dist/tex/generic/pgf/basiclayer/pgfcoreexternal.code.
tex
File: pgfcoreexternal.code.tex 2014/07/09  (rcs-revision 1.21)
\pgfexternal@startupbox=\box39
))
(/usr/share/texlive/texmf-dist/tex/generic/pgf/basiclayer/pgfcorelayers.code.te
x
File: pgfcorelayers.code.tex 2013/07/18  (rcs-revision 1.7)
)
(/usr/share/texlive/texmf-dist/tex/generic/pgf/basiclayer/pgfcoretransparency.c
ode.tex
File: pgfcoretransparency.code.tex 2013/09/30  (rcs-revision 1.5)
)
(/usr/share/texlive/texmf-dist/tex/generic/pgf/basiclayer/pgfcorepatterns.code.
tex
File: pgfcorepatterns.code.tex 2013/11/07  (rcs-revision 1.5)
))) (/usr/share/texlive/texmf-dist/tex/latex/pgf/utilities/xxcolor.sty
Package: xxcolor 2003/10/24 ver 0.1
\XC@nummixins=\count118
\XC@countmixins=\count119
)
(/usr/share/texlive/texmf-dist/tex/generic/oberdiek/atbegshi.sty
Package: atbegshi 2016/06/09 v1.18 At begin shipout hook (HO)

(/usr/share/texlive/texmf-dist/tex/generic/oberdiek/infwarerr.sty
Package: infwarerr 2016/05/16 v1.4 Providing info/warning/error messages (HO)
)
(/usr/share/texlive/texmf-dist/tex/generic/oberdiek/ltxcmds.sty
Package: ltxcmds 2016/05/16 v1.23 LaTeX kernel commands for general use (HO)
))
(/usr/share/texlive/texmf-dist/tex/latex/hyperref/hyperref.sty
Package: hyperref 2018/02/06 v6.86b Hypertext links for LaTeX

(/usr/share/texlive/texmf-dist/tex/generic/oberdiek/hobsub-hyperref.sty
Package: hobsub-hyperref 2016/05/16 v1.14 Bundle oberdiek, subset hyperref (HO)


(/usr/share/texlive/texmf-dist/tex/generic/oberdiek/hobsub-generic.sty
Package: hobsub-generic 2016/05/16 v1.14 Bundle oberdiek, subset generic (HO)
Package: hobsub 2016/05/16 v1.14 Construct package bundles (HO)
Package hobsub Info: Skipping package `infwarerr' (already loaded).
Package hobsub Info: Skipping package `ltxcmds' (already loaded).
Package: ifluatex 2016/05/16 v1.4 Provides the ifluatex switch (HO)
Package ifluatex Info: LuaTeX not detected.
Package hobsub Info: Skipping package `ifvtex' (already loaded).
Package: intcalc 2016/05/16 v1.2 Expandable calculations with integers (HO)
Package hobsub Info: Skipping package `ifpdf' (already loaded).
Package: etexcmds 2016/05/16 v1.6 Avoid name clashes with e-TeX commands (HO)
Package: kvsetkeys 2016/05/16 v1.17 Key value parser (HO)
Package: kvdefinekeys 2016/05/16 v1.4 Define keys (HO)
Package: pdftexcmds 2018/01/30 v0.27 Utility functions of pdfTeX for LuaTeX (HO
)
Package pdftexcmds Info: LuaTeX not detected.
Package pdftexcmds Info: \pdf@primitive is available.
Package pdftexcmds Info: \pdf@ifprimitive is available.
Package pdftexcmds Info: \pdfdraftmode found.
Package: pdfescape 2016/05/16 v1.14 Implements pdfTeX's escape features (HO)
Package: bigintcalc 2016/05/16 v1.4 Expandable calculations on big integers (HO
)
Package: bitset 2016/05/16 v1.2 Handle bit-vector datatype (HO)
Package: uniquecounter 2016/05/16 v1.3 Provide unlimited unique counter (HO)
)
Package hobsub Info: Skipping package `hobsub' (already loaded).
Package: letltxmacro 2016/05/16 v1.5 Let assignment for LaTeX macros (HO)
Package: hopatch 2016/05/16 v1.3 Wrapper for package hooks (HO)
Package: xcolor-patch 2016/05/16 xcolor patch
Package: atveryend 2016/05/16 v1.9 Hooks at the very end of document (HO)
Package hobsub Info: Skipping package `atbegshi' (already loaded).
Package: refcount 2016/05/16 v3.5 Data extraction from label references (HO)
Package: hycolor 2016/05/16 v1.8 Color options for hyperref/bookmark (HO)
)
(/usr/share/texlive/texmf-dist/tex/latex/oberdiek/auxhook.sty
Package: auxhook 2016/05/16 v1.4 Hooks for auxiliary files (HO)
)
(/usr/share/texlive/texmf-dist/tex/latex/oberdiek/kvoptions.sty
Package: kvoptions 2016/05/16 v3.12 Key value format for package options (HO)
)
\@linkdim=\dimen163
\Hy@linkcounter=\count120
\Hy@pagecounter=\count121

(/usr/share/texlive/texmf-dist/tex/latex/hyperref/pd1enc.def
File: pd1enc.def 2018/02/06 v6.86b Hyperref: PDFDocEncoding definition (HO)
Now handling font encoding PD1 ...
... no UTF-8 mapping file for font encoding PD1
)
\Hy@SavedSpaceFactor=\count122

(/usr/share/texlive/texmf-dist/tex/latex/latexconfig/hyperref.cfg
File: hyperref.cfg 2002/06/06 v1.2 hyperref configuration of TeXLive
)
Package hyperref Info: Option `final' set `true' on input line 4383.
Package hyperref Info: Option `bookmarks' set `true' on input line 4383.
Package hyperref Info: Option `bookmarksopen' set `true' on input line 4383.
Package hyperref Info: Option `implicit' set `false' on input line 4383.
Package hyperref Info: Hyper figures OFF on input line 4509.
Package hyperref Info: Link nesting OFF on input line 4514.
Package hyperref Info: Hyper index ON on input line 4517.
Package hyperref Info: Plain pages OFF on input line 4524.
Package hyperref Info: Backreferencing OFF on input line 4529.
Package hyperref Info: Implicit mode OFF; no redefinition of LaTeX internals.
Package hyperref Info: Bookmarks ON on input line 4762.
\c@Hy@tempcnt=\count123

(/usr/share/texlive/texmf-dist/tex/latex/url/url.sty
\Urlmuskip=\muskip10
Package: url 2013/09/16  ver 3.4  Verb mode for urls, etc.
)
LaTeX Info: Redefining \url on input line 5115.
\XeTeXLinkMargin=\dimen164
\Fld@menulength=\count124
\Field@Width=\dimen165
\Fld@charsize=\dimen166
Package hyperref Info: Hyper figures OFF on input line 6369.
Package hyperref Info: Link nesting OFF on input line 6374.
Package hyperref Info: Hyper index ON on input line 6377.
Package hyperref Info: backreferencing OFF on input line 6384.
Package hyperref Info: Link coloring OFF on input line 6389.
Package hyperref Info: Link coloring with OCG OFF on input line 6394.
Package hyperref Info: PDF/A mode OFF on input line 6399.
LaTeX Info: Redefining \ref on input line 6439.
LaTeX Info: Redefining \pageref on input line 6443.
\Hy@abspage=\count125


Package hyperref Message: Stopped early.

)
Package hyperref Info: Driver (autodetected): hpdftex.
 (/usr/share/texlive/texmf-dist/tex/latex/hyperref/hpdftex.def
File: hpdftex.def 2018/02/06 v6.86b Hyperref driver for pdfTeX
\Fld@listcount=\count126
\c@bookmark@seq@number=\count127

(/usr/share/texlive/texmf-dist/tex/latex/oberdiek/rerunfilecheck.sty
Package: rerunfilecheck 2016/05/16 v1.8 Rerun checks for auxiliary files (HO)
Package uniquecounter Info: New unique counter `rerunfilecheck' on input line 2
82.
))
(/usr/share/texlive/texmf-dist/tex/latex/beamer/beamerbaserequires.sty
(/usr/share/texlive/texmf-dist/tex/latex/beamer/beamerbasecompatibility.sty)
(/usr/share/texlive/texmf-dist/tex/latex/beamer/beamerbasefont.sty
(/usr/share/texlive/texmf-dist/tex/latex/amsfonts/amssymb.sty
Package: amssymb 2013/01/14 v3.01 AMS font symbols

(/usr/share/texlive/texmf-dist/tex/latex/amsfonts/amsfonts.sty
Package: amsfonts 2013/01/14 v3.01 Basic AMSFonts support
\@emptytoks=\toks26
\symAMSa=\mathgroup4
\symAMSb=\mathgroup5
LaTeX Font Info:    Overwriting math alphabet `\mathfrak' in version `bold'
(Font)                  U/euf/m/n --> U/euf/b/n on input line 106.
))
(/usr/share/texlive/texmf-dist/tex/latex/sansmathaccent/sansmathaccent.sty
Package: sansmathaccent 2013/03/28

(/usr/share/texlive/texmf-dist/tex/latex/filehook/filehook.sty
Package: filehook 2011/10/12 v0.5d Hooks for input files
)))
(/usr/share/texlive/texmf-dist/tex/latex/beamer/beamerbasetranslator.sty
(/usr/share/texlive/texmf-dist/tex/latex/translator/translator.sty
Package: translator 2018/01/04 v1.12 Easy translation of strings in LaTeX
))
(/usr/share/texlive/texmf-dist/tex/latex/beamer/beamerbasemisc.sty)
(/usr/share/texlive/texmf-dist/tex/latex/beamer/beamerbasetwoscreens.sty)
(/usr/share/texlive/texmf-dist/tex/latex/beamer/beamerbaseoverlay.sty
\beamer@argscount=\count128
\beamer@lastskipcover=\skip44
\beamer@trivlistdepth=\count129
)
(/usr/share/texlive/texmf-dist/tex/latex/beamer/beamerbasetitle.sty)
(/usr/share/texlive/texmf-dist/tex/latex/beamer/beamerbasesection.sty
\c@lecture=\count130
\c@part=\count131
\c@section=\count132
\c@subsection=\count133
\c@subsubsection=\count134
)
(/usr/share/texlive/texmf-dist/tex/latex/beamer/beamerbaseframe.sty
\beamer@framebox=\box40
\beamer@frametitlebox=\box41
\beamer@zoombox=\box42
\beamer@zoomcount=\count135
\beamer@zoomframecount=\count136
\beamer@frametextheight=\dimen167
\c@subsectionslide=\count137
\beamer@frametopskip=\skip45
\beamer@framebottomskip=\skip46
\beamer@frametopskipautobreak=\skip47
\beamer@framebottomskipautobreak=\skip48
\beamer@envbody=\toks27
\framewidth=\dimen168
\c@framenumber=\count138
)
(/usr/share/texlive/texmf-dist/tex/latex/beamer/beamerbaseverbatim.sty
\beamer@verbatimfileout=\write4
)
(/usr/share/texlive/texmf-dist/tex/latex/beamer/beamerbaseframesize.sty
\beamer@splitbox=\box43
\beamer@autobreakcount=\count139
\beamer@autobreaklastheight=\dimen169
\beamer@frametitletoks=\toks28
\beamer@framesubtitletoks=\toks29
)
(/usr/share/texlive/texmf-dist/tex/latex/beamer/beamerbaseframecomponents.sty
\beamer@footins=\box44
)
(/usr/share/texlive/texmf-dist/tex/latex/beamer/beamerbasecolor.sty
\beamer@bg@ht=\dimen170
\beamer@bg@wd=\dimen171
\beamer@bg@dp=\dimen172
)
(/usr/share/texlive/texmf-dist/tex/latex/beamer/beamerbasenotes.sty
\beamer@frameboxcopy=\box45
)
(/usr/share/texlive/texmf-dist/tex/latex/beamer/beamerbasetoc.sty)
(/usr/share/texlive/texmf-dist/tex/latex/beamer/beamerbasetemplates.sty
\beamer@sbttoks=\toks30

(/usr/share/texlive/texmf-dist/tex/latex/beamer/beamerbaseauxtemplates.sty
(/usr/share/texlive/texmf-dist/tex/latex/beamer/beamerbaseboxes.sty
\bmb@box=\box46
\bmb@colorbox=\box47
\bmb@boxshadow=\box48
\bmb@boxshadowball=\box49
\bmb@boxshadowballlarge=\box50
\bmb@temp=\dimen173
\bmb@dima=\dimen174
\bmb@dimb=\dimen175
\bmb@prevheight=\dimen176
)
\beamer@blockheadheight=\dimen177
))
(/usr/share/texlive/texmf-dist/tex/latex/beamer/beamerbaselocalstructure.sty
(/usr/share/texlive/texmf-dist/tex/latex/tools/enumerate.sty
Package: enumerate 2015/07/23 v3.00 enumerate extensions (DPC)
\@enLab=\toks31
)
\c@figure=\count140
\c@table=\count141
\abovecaptionskip=\skip49
\belowcaptionskip=\skip50
)
(/usr/share/texlive/texmf-dist/tex/latex/beamer/beamerbasenavigation.sty
\beamer@section@min@dim=\dimen178
)
(/usr/share/texlive/texmf-dist/tex/latex/beamer/beamerbasetheorems.sty
(/usr/share/texlive/texmf-dist/tex/latex/amsmath/amsmath.sty
Package: amsmath 2017/09/02 v2.17a AMS math features
\@mathmargin=\skip51

For additional information on amsmath, use the `?' option.
(/usr/share/texlive/texmf-dist/tex/latex/amsmath/amstext.sty
Package: amstext 2000/06/29 v2.01 AMS text

(/usr/share/texlive/texmf-dist/tex/latex/amsmath/amsgen.sty
File: amsgen.sty 1999/11/30 v2.0 generic functions
\@emptytoks=\toks32
\ex@=\dimen179
))
(/usr/share/texlive/texmf-dist/tex/latex/amsmath/amsbsy.sty
Package: amsbsy 1999/11/29 v1.2d Bold Symbols
\pmbraise@=\dimen180
)
(/usr/share/texlive/texmf-dist/tex/latex/amsmath/amsopn.sty
Package: amsopn 2016/03/08 v2.02 operator names
)
\inf@bad=\count142
LaTeX Info: Redefining \frac on input line 213.
\uproot@=\count143
\leftroot@=\count144
LaTeX Info: Redefining \overline on input line 375.
\classnum@=\count145
\DOTSCASE@=\count146
LaTeX Info: Redefining \ldots on input line 472.
LaTeX Info: Redefining \dots on input line 475.
LaTeX Info: Redefining \cdots on input line 596.
\Mathstrutbox@=\box51
\strutbox@=\box52
\big@size=\dimen181
LaTeX Font Info:    Redeclaring font encoding OML on input line 712.
LaTeX Font Info:    Redeclaring font encoding OMS on input line 713.
\macc@depth=\count147
\c@MaxMatrixCols=\count148
\dotsspace@=\muskip11
\c@parentequation=\count149
\dspbrk@lvl=\count150
\tag@help=\toks33
\row@=\count151
\column@=\count152
\maxfields@=\count153
\andhelp@=\toks34
\eqnshift@=\dimen182
\alignsep@=\dimen183
\tagshift@=\dimen184
\tagwidth@=\dimen185
\totwidth@=\dimen186
\lineht@=\dimen187
\@envbody=\toks35
\multlinegap=\skip52
\multlinetaggap=\skip53
\mathdisplay@stack=\toks36
LaTeX Info: Redefining \[ on input line 2817.
LaTeX Info: Redefining \] on input line 2818.
)
(/usr/share/texlive/texmf-dist/tex/latex/amscls/amsthm.sty
Package: amsthm 2017/10/31 v2.20.4
\thm@style=\toks37
\thm@bodyfont=\toks38
\thm@headfont=\toks39
\thm@notefont=\toks40
\thm@headpunct=\toks41
\thm@preskip=\skip54
\thm@postskip=\skip55
\thm@headsep=\skip56
\dth@everypar=\toks42
)
\c@theorem=\count154
)
(/usr/share/texlive/texmf-dist/tex/latex/beamer/beamerbasethemes.sty))
(/usr/share/texlive/texmf-dist/tex/latex/beamer/beamerthemedefault.sty
(/usr/share/texlive/texmf-dist/tex/latex/beamer/beamerfontthemedefault.sty)
(/usr/share/texlive/texmf-dist/tex/latex/beamer/beamercolorthemedefault.sty)
(/usr/share/texlive/texmf-dist/tex/latex/beamer/beamerinnerthemedefault.sty
\beamer@dima=\dimen188
\beamer@dimb=\dimen189
)
(/usr/share/texlive/texmf-dist/tex/latex/beamer/beamerouterthemedefault.sty)))
(/usr/share/texmf/tex/latex/lm/lmodern.sty
Package: lmodern 2009/10/30 v1.6 Latin Modern Fonts
LaTeX Font Info:    Overwriting symbol font `operators' in version `normal'
(Font)                  OT1/cmr/m/n --> OT1/lmr/m/n on input line 22.
LaTeX Font Info:    Overwriting symbol font `letters' in version `normal'
(Font)                  OML/cmm/m/it --> OML/lmm/m/it on input line 23.
LaTeX Font Info:    Overwriting symbol font `symbols' in version `normal'
(Font)                  OMS/cmsy/m/n --> OMS/lmsy/m/n on input line 24.
LaTeX Font Info:    Overwriting symbol font `largesymbols' in version `normal'
(Font)                  OMX/cmex/m/n --> OMX/lmex/m/n on input line 25.
LaTeX Font Info:    Overwriting symbol font `operators' in version `bold'
(Font)                  OT1/cmr/bx/n --> OT1/lmr/bx/n on input line 26.
LaTeX Font Info:    Overwriting symbol font `letters' in version `bold'
(Font)                  OML/cmm/b/it --> OML/lmm/b/it on input line 27.
LaTeX Font Info:    Overwriting symbol font `symbols' in version `bold'
(Font)                  OMS/cmsy/b/n --> OMS/lmsy/b/n on input line 28.
LaTeX Font Info:    Overwriting symbol font `largesymbols' in version `bold'
(Font)                  OMX/cmex/m/n --> OMX/lmex/m/n on input line 29.
LaTeX Font Info:    Overwriting math alphabet `\mathbf' in version `normal'
(Font)                  OT1/cmr/bx/n --> OT1/lmr/bx/n on input line 31.
LaTeX Font Info:    Overwriting math alphabet `\mathsf' in version `normal'
(Font)                  OT1/cmss/m/n --> OT1/lmss/m/n on input line 32.
LaTeX Font Info:    Overwriting math alphabet `\mathit' in version `normal'
(Font)                  OT1/cmr/m/it --> OT1/lmr/m/it on input line 33.
LaTeX Font Info:    Overwriting math alphabet `\mathtt' in version `normal'
(Font)                  OT1/cmtt/m/n --> OT1/lmtt/m/n on input line 34.
LaTeX Font Info:    Overwriting math alphabet `\mathbf' in version `bold'
(Font)                  OT1/cmr/bx/n --> OT1/lmr/bx/n on input line 35.
LaTeX Font Info:    Overwriting math alphabet `\mathsf' in version `bold'
(Font)                  OT1/cmss/bx/n --> OT1/lmss/bx/n on input line 36.
LaTeX Font Info:    Overwriting math alphabet `\mathit' in version `bold'
(Font)                  OT1/cmr/bx/it --> OT1/lmr/bx/it on input line 37.
LaTeX Font Info:    Overwriting math alphabet `\mathtt' in version `bold'
(Font)                  OT1/cmtt/m/n --> OT1/lmtt/m/n on input line 38.
)
(/usr/share/texlive/texmf-dist/tex/latex/base/inputenc.sty
Package: inputenc 2018/04/06 v1.3b Input encoding file
\inpenc@prehook=\toks43
\inpenc@posthook=\toks44
)
(/usr/share/texlive/texmf-dist/tex/latex/base/fontenc.sty
Package: fontenc 2017/04/05 v2.0i Standard LaTeX package

(/usr/share/texlive/texmf-dist/tex/latex/base/t1enc.def
File: t1enc.def 2017/04/05 v2.0i Standard LaTeX file
LaTeX Font Info:    Redeclaring font encoding T1 on input line 48.
))
(/usr/share/texlive/texmf-dist/tex/latex/textpos/textpos.sty
Package: textpos 2016/06/07 v1.8

Package: textpos 2016/06/07 1.8, absolute positioning of text on the page
\TP@textbox=\box53
\TPHorizModule=\dimen190
\TPVertModule=\dimen191
\TP@margin=\dimen192
\TP@absmargin=\dimen193
Grid set 16 x 16 = 28.45274pt x 16.00467pt
\TPboxrulesize=\dimen194
\TP@tbargs=\toks45
\TP@prevdepth=\dimen195
) (/usr/share/texlive/texmf-dist/tex/latex/tcolorbox/tcolorbox.sty
Package: tcolorbox 2018/03/22 version 4.13 text color boxes

(/usr/share/texlive/texmf-dist/tex/latex/pgf/basiclayer/pgf.sty
Package: pgf 2015/08/07 v3.0.1a (rcs-revision 1.15)

(/usr/share/texlive/texmf-dist/tex/generic/pgf/modules/pgfmoduleshapes.code.tex
File: pgfmoduleshapes.code.tex 2014/03/21  (rcs-revision 1.35)
\pgfnodeparttextbox=\box54
) (/usr/share/texlive/texmf-dist/tex/generic/pgf/modules/pgfmoduleplot.code.tex
File: pgfmoduleplot.code.tex 2015/08/03  (rcs-revision 1.13)
)
(/usr/share/texlive/texmf-dist/tex/latex/pgf/compatibility/pgfcomp-version-0-65
.sty
Package: pgfcomp-version-0-65 2007/07/03 v3.0.1a (rcs-revision 1.7)
\pgf@nodesepstart=\dimen196
\pgf@nodesepend=\dimen197
)
(/usr/share/texlive/texmf-dist/tex/latex/pgf/compatibility/pgfcomp-version-1-18
.sty
Package: pgfcomp-version-1-18 2007/07/23 v3.0.1a (rcs-revision 1.1)
)) (/usr/share/texlive/texmf-dist/tex/latex/tools/verbatim.sty
Package: verbatim 2014/10/28 v1.5q LaTeX2e package for verbatim enhancements
\every@verbatim=\toks46
\verbatim@line=\toks47
\verbatim@in@stream=\read2
)
(/usr/share/texlive/texmf-dist/tex/latex/environ/environ.sty
Package: environ 2014/05/04 v0.3 A new way to define environments

(/usr/share/texlive/texmf-dist/tex/latex/trimspaces/trimspaces.sty
Package: trimspaces 2009/09/17 v1.1 Trim spaces around a token list
))
\tcb@titlebox=\box55
\tcb@upperbox=\box56
\tcb@lowerbox=\box57
\tcb@phantombox=\box58
\c@tcbbreakpart=\count155
\c@tcblayer=\count156
\tcolorbox@number=\count157
\tcb@temp=\box59
\tcb@temp=\box60
\tcb@temp=\box61
\tcb@temp=\box62
\tcb@out=\write5
\tcb@record@out=\write6
)
(/usr/share/texlive/texmf-dist/tex/latex/tools/tabularx.sty
Package: tabularx 2016/02/03 v2.11b `tabularx' package (DPC)

(/usr/share/texlive/texmf-dist/tex/latex/tools/array.sty
Package: array 2018/04/30 v2.4h Tabular extension package (FMi)
\col@sep=\dimen198
\ar@mcellbox=\box63
\extrarowheight=\dimen199
\NC@list=\toks48
\extratabsurround=\skip57
\backup@length=\skip58
\ar@cellbox=\box64
)
\TX@col@width=\dimen256
\TX@old@table=\dimen257
\TX@old@col=\dimen258
\TX@target=\dimen259
\TX@delta=\dimen260
\TX@cols=\count158
\TX@ftn=\toks49
)
(/usr/share/texlive/texmf-dist/tex/latex/hanging/hanging.sty
Package: hanging 2009/09/02 v1.2b hanging paragraphs and punctuation
\h@ngcommawd=\skip59
\h@ngfstopwd=\skip60
\h@ngquotewd=\skip61
\h@ngdquotewd=\skip62
\h@ngquerywd=\skip63
\h@ngexclwd=\skip64
\h@ngcolonwd=\skip65
\h@ngscolonwd=\skip66
)
(/usr/share/texlive/texmf-dist/tex/latex/animate/animate.sty
Package: animate 2018/02/28 PDF animations from files and inline graphics

(/usr/share/texlive/texmf-dist/tex/latex/xkeyval/xkeyval.sty
Package: xkeyval 2014/12/03 v2.7a package option processing (HA)

(/usr/share/texlive/texmf-dist/tex/generic/xkeyval/xkeyval.tex
(/usr/share/texlive/texmf-dist/tex/generic/xkeyval/xkvutils.tex
\XKV@toks=\toks50
\XKV@tempa@toks=\toks51
)
\XKV@depth=\count159
File: xkeyval.tex 2014/12/03 v2.7a key=value parser (HA)
))
(/usr/share/texlive/texmf-dist/tex/latex/base/ifthen.sty
Package: ifthen 2014/09/29 v1.1c Standard LaTeX ifthen package (DPC)
)
(/usr/share/texlive/texmf-dist/tex/latex/oberdiek/ifdraft.sty
Package: ifdraft 2016/05/16 v1.4 Detect class options draft and final (HO)
)
(/usr/share/texlive/texmf-dist/tex/latex/tools/calc.sty
Package: calc 2017/05/25 v4.3 Infix arithmetic (KKT,FJ)
\calc@Acount=\count160
\calc@Bcount=\count161
\calc@Adimen=\dimen261
\calc@Bdimen=\dimen262
\calc@Askip=\skip67
\calc@Bskip=\skip68
LaTeX Info: Redefining \setlength on input line 80.
LaTeX Info: Redefining \addtolength on input line 81.
\calc@Ccount=\count162
\calc@Cskip=\skip69
)
(/usr/share/texlive/texmf-dist/tex/latex/media9/pdfbase.sty
(/usr/share/texlive/texmf-dist/tex/latex/l3kernel/expl3.sty
Package: expl3 2018-04-30 L3 programming layer (loader) 

(/usr/share/texlive/texmf-dist/tex/latex/l3kernel/expl3-code.tex
Package: expl3 2018-04-30 L3 programming layer (code)
\c_max_int=\count163
\l_tmpa_int=\count164
\l_tmpb_int=\count165
\g_tmpa_int=\count166
\g_tmpb_int=\count167
\g__kernel_prg_map_int=\count168
\c_log_iow=\count169
\l_iow_line_count_int=\count170
\l__iow_line_target_int=\count171
\l__iow_one_indent_int=\count172
\l__iow_indent_int=\count173
\c_zero_dim=\dimen263
\c_max_dim=\dimen264
\l_tmpa_dim=\dimen265
\l_tmpb_dim=\dimen266
\g_tmpa_dim=\dimen267
\g_tmpb_dim=\dimen268
\c_zero_skip=\skip70
\c_max_skip=\skip71
\l_tmpa_skip=\skip72
\l_tmpb_skip=\skip73
\g_tmpa_skip=\skip74
\g_tmpb_skip=\skip75
\c_zero_muskip=\muskip12
\c_max_muskip=\muskip13
\l_tmpa_muskip=\muskip14
\l_tmpb_muskip=\muskip15
\g_tmpa_muskip=\muskip16
\g_tmpb_muskip=\muskip17
\l_keys_choice_int=\count174
\c__fp_leading_shift_int=\count175
\c__fp_middle_shift_int=\count176
\c__fp_trailing_shift_int=\count177
\c__fp_big_leading_shift_int=\count178
\c__fp_big_middle_shift_int=\count179
\c__fp_big_trailing_shift_int=\count180
\c__fp_Bigg_leading_shift_int=\count181
\c__fp_Bigg_middle_shift_int=\count182
\c__fp_Bigg_trailing_shift_int=\count183
\c__fp_rand_size_int=\count184
\c__fp_rand_four_int=\count185
\c__fp_rand_eight_int=\count186
\c__intarray_sp_dim=\dimen269
\g__intarray_font_int=\count187
\l__sort_length_int=\count188
\l__sort_min_int=\count189
\l__sort_top_int=\count190
\l__sort_max_int=\count191
\l__sort_true_max_int=\count192
\l__sort_block_int=\count193
\l__sort_begin_int=\count194
\l__sort_end_int=\count195
\l__sort_A_int=\count196
\l__sort_B_int=\count197
\l__sort_C_int=\count198
\l__tl_analysis_normal_int=\count199
\l__tl_analysis_index_int=\count266
\l__tl_analysis_nesting_int=\count267
\l__tl_analysis_type_int=\count268
\l__regex_internal_a_int=\count269
\l__regex_internal_b_int=\count270
\l__regex_internal_c_int=\count271
\l__regex_balance_int=\count272
\l__regex_group_level_int=\count273
\l__regex_mode_int=\count274
\c__regex_cs_in_class_mode_int=\count275
\c__regex_cs_mode_int=\count276
\l__regex_catcodes_int=\count277
\l__regex_default_catcodes_int=\count278
\c__regex_catcode_D_int=\count279
\c__regex_catcode_S_int=\count280
\c__regex_catcode_L_int=\count281
\c__regex_catcode_O_int=\count282
\c__regex_catcode_A_int=\count283
\c__regex_all_catcodes_int=\count284
\l__regex_show_lines_int=\count285
\l__regex_min_state_int=\count286
\l__regex_max_state_int=\count287
\l__regex_left_state_int=\count288
\l__regex_right_state_int=\count289
\l__regex_capturing_group_int=\count290
\l__regex_min_pos_int=\count291
\l__regex_max_pos_int=\count292
\l__regex_curr_pos_int=\count293
\l__regex_start_pos_int=\count294
\l__regex_success_pos_int=\count295
\l__regex_curr_char_int=\count296
\l__regex_curr_catcode_int=\count297
\l__regex_last_char_int=\count298
\l__regex_case_changed_char_int=\count299
\l__regex_curr_state_int=\count300
\l__regex_step_int=\count301
\l__regex_min_active_int=\count302
\l__regex_max_active_int=\count303
\l__regex_replacement_csnames_int=\count304
\l__regex_match_count_int=\count305
\l__regex_min_submatch_int=\count306
\l__regex_submatch_int=\count307
\l__regex_zeroth_submatch_int=\count308
\g__regex_trace_regex_int=\count309
\c_empty_box=\box65
\l_tmpa_box=\box66
\l_tmpb_box=\box67
\g_tmpa_box=\box68
\g_tmpb_box=\box69
\l__box_top_dim=\dimen270
\l__box_bottom_dim=\dimen271
\l__box_left_dim=\dimen272
\l__box_right_dim=\dimen273
\l__box_top_new_dim=\dimen274
\l__box_bottom_new_dim=\dimen275
\l__box_left_new_dim=\dimen276
\l__box_right_new_dim=\dimen277
\l__box_internal_box=\box70
\l__coffin_internal_box=\box71
\l__coffin_internal_dim=\dimen278
\l__coffin_offset_x_dim=\dimen279
\l__coffin_offset_y_dim=\dimen280
\l__coffin_x_dim=\dimen281
\l__coffin_y_dim=\dimen282
\l__coffin_x_prime_dim=\dimen283
\l__coffin_y_prime_dim=\dimen284
\c_empty_coffin=\box72
\l__coffin_aligned_coffin=\box73
\l__coffin_aligned_internal_coffin=\box74
\l_tmpa_coffin=\box75
\l_tmpb_coffin=\box76
\l__coffin_display_coffin=\box77
\l__coffin_display_coord_coffin=\box78
\l__coffin_display_pole_coffin=\box79
\l__coffin_display_offset_dim=\dimen285
\l__coffin_display_x_dim=\dimen286
\l__coffin_display_y_dim=\dimen287
\g__file_internal_ior=\read3
\l__coffin_bounding_shift_dim=\dimen288
\l__coffin_left_corner_dim=\dimen289
\l__coffin_right_corner_dim=\dimen290
\l__coffin_bottom_corner_dim=\dimen291
\l__coffin_top_corner_dim=\dimen292
\l__coffin_scaled_total_height_dim=\dimen293
\l__coffin_scaled_width_dim=\dimen294
\l__seq_internal_a_int=\count310
\l__seq_internal_b_int=\count311
)
(/usr/share/texlive/texmf-dist/tex/latex/l3kernel/l3pdfmode.def
File: l3pdfmode.def 2018-04-30 v L3 Experimental driver: PDF mode
\l__driver_color_stack_int=\count312
))
(/usr/share/texlive/texmf-dist/tex/latex/l3packages/l3keys2e/l3keys2e.sty
Package: l3keys2e 2018-04-30 LaTeX2e option processing using LaTeX3 keys
)
Package: pdfbase 2018/04/06 v0.23 driver independent access to low-level PDF fe
atures
\g_pbs_page_int=\count313
\g_pbs_oc_int=\count314
)
(/usr/share/texlive/texmf-dist/tex/latex/ocgx2/ocgbase.sty
Package: ocgbase 2018/04/06 v0.13 support package for ocgx2.sty
\g_ocgbase_nd_int=\count315
)
\@anim@box=\box80
\@anim@measbox=\box81
\@anim@tmpdima=\dimen295
\@anim@tmpdimb=\dimen296
\@anim@num=\count316
\@anim@curframe=\count317
\@anim@curframe@zb=\count318
\@anim@resizeflags=\count319
\@anim@skipfram=\count320
\@anim@mulframecnt=\count321
\@anim@@tmlnfile=\read4
\@anim@tmpcnt=\count322
\c@@anim@ltxcnt=\count323
\@anim@curlayer=\count324
\@anim@lineno=\count325
\@anim@curfield=\count326
\@anim@@resizeflags=\count327
)
(/usr/share/texlive/texmf-dist/tex/latex/caption/caption.sty
Package: caption 2017/03/19 v3.3-145 Customizing captions (AR)

(/usr/share/texlive/texmf-dist/tex/latex/caption/caption3.sty
Package: caption3 2018/04/15 v1.7-167 caption3 kernel (AR)
Package caption3 Info: TeX engine: e-TeX on input line 64.
\captionmargin=\dimen297
\captionmargin@=\dimen298
\captionwidth=\dimen299
\caption@tempdima=\dimen300
\caption@indent=\dimen301
\caption@parindent=\dimen302
\caption@hangindent=\dimen303
)
\c@ContinuedFloat=\count328
Package caption Info: beamer document class.
Package caption Info: hyperref package is loaded.
Package caption Info: Hyperref support is turned off
(caption)             because hyperref has stopped early.
)
(./hoorcollege_uva.aux)
\openout1 = `hoorcollege_uva.aux'.

LaTeX Font Info:    Checking defaults for OML/cmm/m/it on input line 52.
LaTeX Font Info:    ... okay on input line 52.
LaTeX Font Info:    Checking defaults for T1/cmr/m/n on input line 52.
LaTeX Font Info:    ... okay on input line 52.
LaTeX Font Info:    Checking defaults for OT1/cmr/m/n on input line 52.
LaTeX Font Info:    ... okay on input line 52.
LaTeX Font Info:    Checking defaults for OMS/cmsy/m/n on input line 52.
LaTeX Font Info:    ... okay on input line 52.
LaTeX Font Info:    Checking defaults for OMX/cmex/m/n on input line 52.
LaTeX Font Info:    ... okay on input line 52.
LaTeX Font Info:    Checking defaults for U/cmr/m/n on input line 52.
LaTeX Font Info:    ... okay on input line 52.
LaTeX Font Info:    Checking defaults for PD1/pdf/m/n on input line 52.
LaTeX Font Info:    ... okay on input line 52.
LaTeX Font Info:    Try loading font information for T1+lmss on input line 52.
 (/usr/share/texmf/tex/latex/lm/t1lmss.fd
File: t1lmss.fd 2009/10/30 v1.6 Font defs for Latin Modern
)
*geometry* driver: auto-detecting
*geometry* detected driver: pdftex
*geometry* verbose mode - [ preamble ] result:
* driver: pdftex
* paper: custom
* layout: <same size as paper>
* layoutoffset:(h,v)=(0.0pt,0.0pt)
* modes: includehead includefoot 
* h-part:(L,W,R)=(28.45274pt, 398.3386pt, 28.45274pt)
* v-part:(T,H,B)=(0.0pt, 256.0748pt, 0.0pt)
* \paperwidth=455.24408pt
* \paperheight=256.0748pt
* \textwidth=398.3386pt
* \textheight=227.62207pt
* \oddsidemargin=-43.81725pt
* \evensidemargin=-43.81725pt
* \topmargin=-72.26999pt
* \headheight=14.22636pt
* \headsep=0.0pt
* \topskip=12.0pt
* \footskip=14.22636pt
* \marginparwidth=4.0pt
* \marginparsep=10.0pt
* \columnsep=10.0pt
* \skip\footins=10.8pt plus 4.0pt minus 2.0pt
* \hoffset=0.0pt
* \voffset=0.0pt
* \mag=1000
* \@twocolumnfalse
* \@twosidefalse
* \@mparswitchfalse
* \@reversemarginfalse
* (1in=72.27pt=25.4mm, 1cm=28.453pt)

(/usr/share/texlive/texmf-dist/tex/context/base/mkii/supp-pdf.mkii
[Loading MPS to PDF converter (version 2006.09.02).]
\scratchcounter=\count329
\scratchdimen=\dimen304
\scratchbox=\box82
\nofMPsegments=\count330
\nofMParguments=\count331
\everyMPshowfont=\toks52
\MPscratchCnt=\count332
\MPscratchDim=\dimen305
\MPnumerator=\count333
\makeMPintoPDFobject=\count334
\everyMPtoPDFconversion=\toks53
) (/usr/share/texlive/texmf-dist/tex/latex/oberdiek/epstopdf-base.sty
Package: epstopdf-base 2016/05/15 v2.6 Base part for package epstopdf

(/usr/share/texlive/texmf-dist/tex/latex/oberdiek/grfext.sty
Package: grfext 2016/05/16 v1.2 Manage graphics extensions (HO)
)
Package epstopdf-base Info: Redefining graphics rule for `.eps' on input line 4
38.
Package grfext Info: Graphics extension search list:
(grfext)             [.pdf,.png,.jpg,.mps,.jpeg,.jbig2,.jb2,.PDF,.PNG,.JPG,.JPE
G,.JBIG2,.JB2,.eps]
(grfext)             \AppendGraphicsExtensions on input line 456.

(/usr/share/texlive/texmf-dist/tex/latex/latexconfig/epstopdf-sys.cfg
File: epstopdf-sys.cfg 2010/07/13 v1.3 Configuration of (r)epstopdf for TeX Liv
e
))
ABD: EveryShipout initializing macros
\AtBeginShipoutBox=\box83
Package hyperref Info: Link coloring OFF on input line 52.

(/usr/share/texlive/texmf-dist/tex/latex/hyperref/nameref.sty
Package: nameref 2016/05/21 v2.44 Cross-referencing by name of section

(/usr/share/texlive/texmf-dist/tex/generic/oberdiek/gettitlestring.sty
Package: gettitlestring 2016/05/16 v1.5 Cleanup title references (HO)
)
\c@section@level=\count335
)
LaTeX Info: Redefining \ref on input line 52.
LaTeX Info: Redefining \pageref on input line 52.
LaTeX Info: Redefining \nameref on input line 52.

(./hoorcollege_uva.out) (./hoorcollege_uva.out)
\@outlinefile=\write7
\openout7 = `hoorcollege_uva.out'.

LaTeX Font Info:    Overwriting symbol font `operators' in version `normal'
(Font)                  OT1/lmr/m/n --> OT1/cmss/m/n on input line 52.
LaTeX Font Info:    Overwriting symbol font `operators' in version `bold'
(Font)                  OT1/lmr/bx/n --> OT1/cmss/bx/n on input line 52.
LaTeX Font Info:    Overwriting symbol font `operators' in version `normal'
(Font)                  OT1/cmss/m/n --> OT1/lmss/m/n on input line 52.
LaTeX Font Info:    Overwriting symbol font `operators' in version `bold'
(Font)                  OT1/cmss/bx/n --> OT1/lmss/bx/n on input line 52.
\symnumbers=\mathgroup6
\sympureletters=\mathgroup7
LaTeX Font Info:    Overwriting math alphabet `\mathrm' in version `normal'
(Font)                  OT1/lmss/m/n --> T1/lmr/m/n on input line 52.
LaTeX Font Info:    Redeclaring math alphabet \mathbf on input line 52.
LaTeX Font Info:    Overwriting math alphabet `\mathbf' in version `normal'
(Font)                  OT1/lmr/bx/n --> T1/lmss/bx/n on input line 52.
LaTeX Font Info:    Overwriting math alphabet `\mathbf' in version `bold'
(Font)                  OT1/lmr/bx/n --> T1/lmss/bx/n on input line 52.
LaTeX Font Info:    Redeclaring math alphabet \mathsf on input line 52.
LaTeX Font Info:    Overwriting math alphabet `\mathsf' in version `normal'
(Font)                  OT1/lmss/m/n --> T1/lmss/m/n on input line 52.
LaTeX Font Info:    Overwriting math alphabet `\mathsf' in version `bold'
(Font)                  OT1/lmss/bx/n --> T1/lmss/m/n on input line 52.
LaTeX Font Info:    Redeclaring math alphabet \mathit on input line 52.
LaTeX Font Info:    Overwriting math alphabet `\mathit' in version `normal'
(Font)                  OT1/lmr/m/it --> T1/lmss/m/it on input line 52.
LaTeX Font Info:    Overwriting math alphabet `\mathit' in version `bold'
(Font)                  OT1/lmr/bx/it --> T1/lmss/m/it on input line 52.
LaTeX Font Info:    Redeclaring math alphabet \mathtt on input line 52.
LaTeX Font Info:    Overwriting math alphabet `\mathtt' in version `normal'
(Font)                  OT1/lmtt/m/n --> T1/lmtt/m/n on input line 52.
LaTeX Font Info:    Overwriting math alphabet `\mathtt' in version `bold'
(Font)                  OT1/lmtt/m/n --> T1/lmtt/m/n on input line 52.
LaTeX Font Info:    Overwriting symbol font `numbers' in version `bold'
(Font)                  T1/lmss/m/n --> T1/lmss/bx/n on input line 52.
LaTeX Font Info:    Overwriting symbol font `pureletters' in version `bold'
(Font)                  T1/lmss/m/it --> T1/lmss/bx/it on input line 52.
LaTeX Font Info:    Overwriting math alphabet `\mathrm' in version `bold'
(Font)                  OT1/lmss/bx/n --> T1/lmr/bx/n on input line 52.
LaTeX Font Info:    Overwriting math alphabet `\mathbf' in version `bold'
(Font)                  T1/lmss/bx/n --> T1/lmss/bx/n on input line 52.
LaTeX Font Info:    Overwriting math alphabet `\mathsf' in version `bold'
(Font)                  T1/lmss/m/n --> T1/lmss/bx/n on input line 52.
LaTeX Font Info:    Overwriting math alphabet `\mathit' in version `bold'
(Font)                  T1/lmss/m/it --> T1/lmss/bx/it on input line 52.
LaTeX Font Info:    Overwriting math alphabet `\mathtt' in version `bold'
(Font)                  T1/lmtt/m/n --> T1/lmtt/bx/n on input line 52.

(/usr/share/texlive/texmf-dist/tex/latex/translator/translator-basic-dictionary
-English.dict
Dictionary: translator-basic-dictionary, Language: English 
)
(/usr/share/texlive/texmf-dist/tex/latex/translator/translator-bibliography-dic
tionary-English.dict
Dictionary: translator-bibliography-dictionary, Language: English 
)
(/usr/share/texlive/texmf-dist/tex/latex/translator/translator-environment-dict
ionary-English.dict
Dictionary: translator-environment-dictionary, Language: English 
)
(/usr/share/texlive/texmf-dist/tex/latex/translator/translator-months-dictionar
y-English.dict
Dictionary: translator-months-dictionary, Language: English 
)
(/usr/share/texlive/texmf-dist/tex/latex/translator/translator-numbers-dictiona
ry-English.dict
Dictionary: translator-numbers-dictionary, Language: English 
)
(/usr/share/texlive/texmf-dist/tex/latex/translator/translator-theorem-dictiona
ry-English.dict
Dictionary: translator-theorem-dictionary, Language: English 
)
Package caption Info: Begin \AtBeginDocument code.
Package caption Info: End \AtBeginDocument code.
 (./hoorcollege_uva.nav)
LaTeX Font Info:    Try loading font information for T1+lmtt on input line 62.

(/usr/share/texmf/tex/latex/lm/t1lmtt.fd
File: t1lmtt.fd 2009/10/30 v1.6 Font defs for Latin Modern
)
<../figs/pbl_background.pdf, id=13, 963.6pt x 542.025pt>
File: ../figs/pbl_background.pdf Graphic file (type pdf)
<use ../figs/pbl_background.pdf>
Package pdftex.def Info: ../figs/pbl_background.pdf  used on input line 62.
(pdftex.def)             Requested size: 455.2446pt x 256.08334pt.
 [1

{/var/lib/texmf/fonts/map/pdftex/updmap/pdftex.map} <../figs/pbl_background.pdf
>]
File: ../figs/pbl_background.pdf Graphic file (type pdf)
<use ../figs/pbl_background.pdf>
Package pdftex.def Info: ../figs/pbl_background.pdf  used on input line 77.
(pdftex.def)             Requested size: 455.2446pt x 256.08334pt.
 [2

]
LaTeX Font Info:    Try loading font information for OT1+lmss on input line 88.


(/usr/share/texmf/tex/latex/lm/ot1lmss.fd
File: ot1lmss.fd 2009/10/30 v1.6 Font defs for Latin Modern
)
LaTeX Font Info:    Try loading font information for OML+lmm on input line 88.

(/usr/share/texmf/tex/latex/lm/omllmm.fd
File: omllmm.fd 2009/10/30 v1.6 Font defs for Latin Modern
)
LaTeX Font Info:    Try loading font information for OMS+lmsy on input line 88.


(/usr/share/texmf/tex/latex/lm/omslmsy.fd
File: omslmsy.fd 2009/10/30 v1.6 Font defs for Latin Modern
)
LaTeX Font Info:    Try loading font information for OMX+lmex on input line 88.


(/usr/share/texmf/tex/latex/lm/omxlmex.fd
File: omxlmex.fd 2009/10/30 v1.6 Font defs for Latin Modern
)
LaTeX Font Info:    External font `lmex10' loaded for size
(Font)              <12> on input line 88.
LaTeX Font Info:    External font `lmex10' loaded for size
(Font)              <8> on input line 88.
LaTeX Font Info:    External font `lmex10' loaded for size
(Font)              <6> on input line 88.
LaTeX Font Info:    Try loading font information for U+msa on input line 88.

(/usr/share/texlive/texmf-dist/tex/latex/amsfonts/umsa.fd
File: umsa.fd 2013/01/14 v3.01 AMS symbols A
)
LaTeX Font Info:    Try loading font information for U+msb on input line 88.

(/usr/share/texlive/texmf-dist/tex/latex/amsfonts/umsb.fd
File: umsb.fd 2013/01/14 v3.01 AMS symbols B
)
LaTeX Font Info:    Font shape `T1/lmss/m/it' in size <12> not available
(Font)              Font shape `T1/lmss/m/sl' tried instead on input line 88.
LaTeX Font Info:    Font shape `T1/lmss/m/it' in size <8> not available
(Font)              Font shape `T1/lmss/m/sl' tried instead on input line 88.
LaTeX Font Info:    Font shape `T1/lmss/m/it' in size <6> not available
(Font)              Font shape `T1/lmss/m/sl' tried instead on input line 88.
File: ../figs/pbl_background.pdf Graphic file (type pdf)
<use ../figs/pbl_background.pdf>
Package pdftex.def Info: ../figs/pbl_background.pdf  used on input line 88.
(pdftex.def)             Requested size: 455.2446pt x 256.08334pt.
 [3

]
<../figs/witch.png, id=39, 501.875pt x 501.875pt>
File: ../figs/witch.png Graphic file (type png)
<use ../figs/witch.png>
Package pdftex.def Info: ../figs/witch.png  used on input line 111.
(pdftex.def)             Requested size: 100.37321pt x 100.37321pt.
LaTeX Font Info:    External font `lmex10' loaded for size
(Font)              <5> on input line 111.
LaTeX Font Info:    Font shape `T1/lmss/m/it' in size <5> not available
(Font)              Font shape `T1/lmss/m/sl' tried instead on input line 111.

Overfull \hbox (27.36168pt too wide) in paragraph at lines 111--111
\T1/lmtt/m/n/6 free-[]to-[]use-[]public-[]domain-[]cauldron-[]clip-[]art-[]witc
h-[]cauldron-[]clipart _ 
 []

File: ../figs/pbl_background.pdf Graphic file (type pdf)
<use ../figs/pbl_background.pdf>
Package pdftex.def Info: ../figs/pbl_background.pdf  used on input line 111.
(pdftex.def)             Requested size: 455.2446pt x 256.08334pt.
[4

 <../figs/witch.png>]
File: ../figs/pbl_background.pdf Graphic file (type pdf)
<use ../figs/pbl_background.pdf>
Package pdftex.def Info: ../figs/pbl_background.pdf  used on input line 123.
(pdftex.def)             Requested size: 455.2446pt x 256.08334pt.
 [5

]
File: ../figs/pbl_background.pdf Graphic file (type pdf)
<use ../figs/pbl_background.pdf>
Package pdftex.def Info: ../figs/pbl_background.pdf  used on input line 131.
(pdftex.def)             Requested size: 455.2446pt x 256.08334pt.
 [6

]
<../figs/20180922_102121.jpg, id=64, 4625.28pt x 3468.96pt>
File: ../figs/20180922_102121.jpg Graphic file (type jpg)
<use ../figs/20180922_102121.jpg>
Package pdftex.def Info: ../figs/20180922_102121.jpg  used on input line 152.
(pdftex.def)             Requested size: 4625.26878pt x 3468.95158pt.
File: ../figs/pbl_background.pdf Graphic file (type pdf)
<use ../figs/pbl_background.pdf>
Package pdftex.def Info: ../figs/pbl_background.pdf  used on input line 152.
(pdftex.def)             Requested size: 455.2446pt x 256.08334pt.
 [7

 <../figs/20180922_102121.jpg>]
<../figs/coventry_green.jpg, id=72, 617.30624pt x 873.2625pt>
File: ../figs/coventry_green.jpg Graphic file (type jpg)
<use ../figs/coventry_green.jpg>
Package pdftex.def Info: ../figs/coventry_green.jpg  used on input line 175.
(pdftex.def)             Requested size: 111.11032pt x 157.18047pt.
LaTeX Font Info:    Font shape `T1/lmss/m/it' in size <10.95> not available
(Font)              Font shape `T1/lmss/m/sl' tried instead on input line 175.

Underfull \hbox (badness 10000) in paragraph at lines 175--175
[]\T1/lmss/m/sl/10.95 Population pro-jec-tions
 []


Underfull \hbox (badness 5274) in paragraph at lines 175--175
\T1/lmss/m/sl/10.95 might have some value in
 []


Underfull \hbox (badness 1067) in paragraph at lines 175--175
\T1/lmss/m/sl/10.95 years ahead (al-though re-cent
 []


Overfull \vbox (1.33516pt too high) detected at line 175
 []

File: ../figs/pbl_background.pdf Graphic file (type pdf)
<use ../figs/pbl_background.pdf>
Package pdftex.def Info: ../figs/pbl_background.pdf  used on input line 175.
(pdftex.def)             Requested size: 455.2446pt x 256.08334pt.
[8

 <../figs/coventry_green.jpg>]
LaTeX Font Info:    External font `lmex10' loaded for size
(Font)              <10.95> on input line 189.
File: ../figs/pbl_background.pdf Graphic file (type pdf)
<use ../figs/pbl_background.pdf>
Package pdftex.def Info: ../figs/pbl_background.pdf  used on input line 189.
(pdftex.def)             Requested size: 455.2446pt x 256.08334pt.
 [9

]
File: ../figs/pbl_background.pdf Graphic file (type pdf)
<use ../figs/pbl_background.pdf>
Package pdftex.def Info: ../figs/pbl_background.pdf  used on input line 202.
(pdftex.def)             Requested size: 455.2446pt x 256.08334pt.
 [10

]
File: ../figs/pbl_background.pdf Graphic file (type pdf)
<use ../figs/pbl_background.pdf>
Package pdftex.def Info: ../figs/pbl_background.pdf  used on input line 219.
(pdftex.def)             Requested size: 455.2446pt x 256.08334pt.
 [11

]
File: ../figs/pbl_background.pdf Graphic file (type pdf)
<use ../figs/pbl_background.pdf>
Package pdftex.def Info: ../figs/pbl_background.pdf  used on input line 242.
(pdftex.def)             Requested size: 455.2446pt x 256.08334pt.
 [12

]
Underfull \hbox (badness 10000) in paragraph at lines 262--262

 []

<../figs/Planet_Earth_8.jpg, id=109, 1606.0pt x 1204.5pt>
File: ../figs/Planet_Earth_8.jpg Graphic file (type jpg)
<use ../figs/Planet_Earth_8.jpg>
Package pdftex.def Info: ../figs/Planet_Earth_8.jpg  used on input line 262.
(pdftex.def)             Requested size: 160.6094pt x 120.45705pt.
File: ../figs/pbl_background.pdf Graphic file (type pdf)
<use ../figs/pbl_background.pdf>
Package pdftex.def Info: ../figs/pbl_background.pdf  used on input line 262.
(pdftex.def)             Requested size: 455.2446pt x 256.08334pt.
[13

 <../figs/Planet_Earth_8.jpg>]
Underfull \hbox (badness 10000) in paragraph at lines 284--284

 []

<../figs/migration_flows.png, id=119, 1284.8pt x 1284.8pt>
File: ../figs/migration_flows.png Graphic file (type png)
<use ../figs/migration_flows.png>
Package pdftex.def Info: ../figs/migration_flows.png  used on input line 284.
(pdftex.def)             Requested size: 128.48752pt x 128.48752pt.
File: ../figs/pbl_background.pdf Graphic file (type pdf)
<use ../figs/pbl_background.pdf>
Package pdftex.def Info: ../figs/pbl_background.pdf  used on input line 284.
(pdftex.def)             Requested size: 455.2446pt x 256.08334pt.
[14

 <../figs/migration_flows.png>]
Underfull \hbox (badness 10000) in paragraph at lines 304--304

 []

<../figs/touw_blok_adam.jpeg, id=131, 2312.64pt x 1300.86pt>
File: ../figs/touw_blok_adam.jpeg Graphic file (type jpg)
<use ../figs/touw_blok_adam.jpeg>
Package pdftex.def Info: ../figs/touw_blok_adam.jpeg  used on input line 304.
(pdftex.def)             Requested size: 208.12862pt x 117.07234pt.

Overfull \hbox (16.9278pt too wide) in paragraph at lines 304--304
 [] 
 []

File: ../figs/pbl_background.pdf Graphic file (type pdf)
<use ../figs/pbl_background.pdf>
Package pdftex.def Info: ../figs/pbl_background.pdf  used on input line 304.
(pdftex.def)             Requested size: 455.2446pt x 256.08334pt.
[15

 <../figs/touw_blok_adam.jpeg>]
Underfull \hbox (badness 10000) in paragraph at lines 322--322

 []


Underfull \hbox (badness 4013) in paragraph at lines 322--322
[]\T1/lmss/m/n/12 +: in-sights into de-ter-mi-nants of
 []


Underfull \hbox (badness 10000) in paragraph at lines 322--322

 []

File: ../figs/pbl_background.pdf Graphic file (type pdf)
<use ../figs/pbl_background.pdf>
Package pdftex.def Info: ../figs/pbl_background.pdf  used on input line 322.
(pdftex.def)             Requested size: 455.2446pt x 256.08334pt.
[16

]
File: ../figs/pbl_background.pdf Graphic file (type pdf)
<use ../figs/pbl_background.pdf>
Package pdftex.def Info: ../figs/pbl_background.pdf  used on input line 329.
(pdftex.def)             Requested size: 455.2446pt x 256.08334pt.
 [17

]
File: ../figs/pbl_background.pdf Graphic file (type pdf)
<use ../figs/pbl_background.pdf>
Package pdftex.def Info: ../figs/pbl_background.pdf  used on input line 340.
(pdftex.def)             Requested size: 455.2446pt x 256.08334pt.
 [18

]
File: ../figs/pbl_background.pdf Graphic file (type pdf)
<use ../figs/pbl_background.pdf>
Package pdftex.def Info: ../figs/pbl_background.pdf  used on input line 349.
(pdftex.def)             Requested size: 455.2446pt x 256.08334pt.
 [19

]
File: ../figs/pbl_background.pdf Graphic file (type pdf)
<use ../figs/pbl_background.pdf>
Package pdftex.def Info: ../figs/pbl_background.pdf  used on input line 359.
(pdftex.def)             Requested size: 455.2446pt x 256.08334pt.
 [20

]
Underfull \hbox (badness 4608) in paragraph at lines 371--371
[]\T1/lmss/m/n/12 The frac-tion of within-municipality
 []

<../figs/within_mun_fraction.png, id=167, 542.7477pt x 322.806pt>
File: ../figs/within_mun_fraction.png Graphic file (type png)
<use ../figs/within_mun_fraction.png>
Package pdftex.def Info: ../figs/within_mun_fraction.png  used on input line 37
1.
(pdftex.def)             Requested size: 217.09523pt x 129.1201pt.

Overfull \hbox (25.89441pt too wide) in paragraph at lines 371--371
 [][] 
 []

File: ../figs/pbl_background.pdf Graphic file (type pdf)
<use ../figs/pbl_background.pdf>
Package pdftex.def Info: ../figs/pbl_background.pdf  used on input line 371.
(pdftex.def)             Requested size: 455.2446pt x 256.08334pt.
[21

 <../figs/within_mun_fraction.png>]
Underfull \hbox (badness 4608) in paragraph at lines 383--383
[]\T1/lmss/m/n/12 The frac-tion of within-municipality
 []

File: ../figs/within_mun_fraction.png Graphic file (type png)
<use ../figs/within_mun_fraction.png>
Package pdftex.def Info: ../figs/within_mun_fraction.png  used on input line 38
3.
(pdftex.def)             Requested size: 217.09523pt x 129.1201pt.

Overfull \hbox (25.89441pt too wide) in paragraph at lines 383--383
 [][] 
 []

File: ../figs/pbl_background.pdf Graphic file (type pdf)
<use ../figs/pbl_background.pdf>
Package pdftex.def Info: ../figs/pbl_background.pdf  used on input line 383.
(pdftex.def)             Requested size: 455.2446pt x 256.08334pt.
[22

]
Underfull \hbox (badness 4608) in paragraph at lines 395--395
[]\T1/lmss/m/n/12 The frac-tion of within-municipality
 []

File: ../figs/within_mun_fraction.png Graphic file (type png)
<use ../figs/within_mun_fraction.png>
Package pdftex.def Info: ../figs/within_mun_fraction.png  used on input line 39
5.
(pdftex.def)             Requested size: 217.09523pt x 129.1201pt.

Overfull \hbox (25.89441pt too wide) in paragraph at lines 395--395
 [][] 
 []

File: ../figs/pbl_background.pdf Graphic file (type pdf)
<use ../figs/pbl_background.pdf>
Package pdftex.def Info: ../figs/pbl_background.pdf  used on input line 395.
(pdftex.def)             Requested size: 455.2446pt x 256.08334pt.
[23

]
<../figs/within_mun_fraction_imputed.png, id=184, 542.7477pt x 322.806pt>
File: ../figs/within_mun_fraction_imputed.png Graphic file (type png)
<use ../figs/within_mun_fraction_imputed.png>
Package pdftex.def Info: ../figs/within_mun_fraction_imputed.png  used on input
 line 410.
(pdftex.def)             Requested size: 217.09523pt x 129.1201pt.

Overfull \hbox (25.89441pt too wide) in paragraph at lines 410--410
 [][] 
 []

File: ../figs/pbl_background.pdf Graphic file (type pdf)
<use ../figs/pbl_background.pdf>
Package pdftex.def Info: ../figs/pbl_background.pdf  used on input line 410.
(pdftex.def)             Requested size: 455.2446pt x 256.08334pt.
[24

 <../figs/within_mun_fraction_imputed.png>]
File: ../figs/pbl_background.pdf Graphic file (type pdf)
<use ../figs/pbl_background.pdf>
Package pdftex.def Info: ../figs/pbl_background.pdf  used on input line 422.
(pdftex.def)             Requested size: 455.2446pt x 256.08334pt.
 [25

]
File: ../figs/pbl_background.pdf Graphic file (type pdf)
<use ../figs/pbl_background.pdf>
Package pdftex.def Info: ../figs/pbl_background.pdf  used on input line 431.
(pdftex.def)             Requested size: 455.2446pt x 256.08334pt.
 [26

]
<../figs/ssp_scenarios.png, id=202, 499.32pt x 380.23875pt>
File: ../figs/ssp_scenarios.png Graphic file (type png)
<use ../figs/ssp_scenarios.png>
Package pdftex.def Info: ../figs/ssp_scenarios.png  used on input line 451.
(pdftex.def)             Requested size: 199.72446pt x 152.0928pt.

Overfull \hbox (8.52364pt too wide) in paragraph at lines 451--451
 [] 
 []

File: ../figs/pbl_background.pdf Graphic file (type pdf)
<use ../figs/pbl_background.pdf>
Package pdftex.def Info: ../figs/pbl_background.pdf  used on input line 451.
(pdftex.def)             Requested size: 455.2446pt x 256.08334pt.
[27

 <../figs/ssp_scenarios.png>]
<../figs/plans-plot-2-1.pdf, id=211, 469.755pt x 325.215pt>
File: ../figs/plans-plot-2-1.pdf Graphic file (type pdf)
<use ../figs/plans-plot-2-1.pdf>
Package pdftex.def Info: ../figs/plans-plot-2-1.pdf  used on input line 468.
(pdftex.def)             Requested size: 211.3878pt x 146.3454pt.

Overfull \hbox (20.18698pt too wide) in paragraph at lines 468--468
 [][] 
 []

File: ../figs/pbl_background.pdf Graphic file (type pdf)
<use ../figs/pbl_background.pdf>
Package pdftex.def Info: ../figs/pbl_background.pdf  used on input line 468.
(pdftex.def)             Requested size: 455.2446pt x 256.08334pt.
[28

 <../figs/plans-plot-2-1.pdf>]
<../figs/wlo_scenarios_opzet.png, id=225, 1476.51625pt x 656.4525pt>
File: ../figs/wlo_scenarios_opzet.png Graphic file (type png)
<use ../figs/wlo_scenarios_opzet.png>
Package pdftex.def Info: ../figs/wlo_scenarios_opzet.png  used on input line 47
6.
(pdftex.def)             Requested size: 295.29802pt x 131.28816pt.
File: ../figs/pbl_background.pdf Graphic file (type pdf)
<use ../figs/pbl_background.pdf>
Package pdftex.def Info: ../figs/pbl_background.pdf  used on input line 476.
(pdftex.def)             Requested size: 455.2446pt x 256.08334pt.
 [29

 <../figs/wlo_scenarios_opzet.png (PNG copy)>]
<../figs/wlo_scenarios_bevolking.png, id=231, 1476.51625pt x 1108.14pt>
File: ../figs/wlo_scenarios_bevolking.png Graphic file (type png)
<use ../figs/wlo_scenarios_bevolking.png>
Package pdftex.def Info: ../figs/wlo_scenarios_bevolking.png  used on input lin
e 494.
(pdftex.def)             Requested size: 221.46788pt x 166.21382pt.

Overfull \hbox (30.26706pt too wide) in paragraph at lines 494--494
 [][] 
 []


Overfull \vbox (5.20102pt too high) detected at line 494
 []

File: ../figs/pbl_background.pdf Graphic file (type pdf)
<use ../figs/pbl_background.pdf>
Package pdftex.def Info: ../figs/pbl_background.pdf  used on input line 494.
(pdftex.def)             Requested size: 455.2446pt x 256.08334pt.
[30

 <../figs/wlo_scenarios_bevolking.png (PNG copy)>]
File: ../figs/pbl_background.pdf Graphic file (type pdf)
<use ../figs/pbl_background.pdf>
Package pdftex.def Info: ../figs/pbl_background.pdf  used on input line 504.
(pdftex.def)             Requested size: 455.2446pt x 256.08334pt.
 [31

]
File: ../figs/pbl_background.pdf Graphic file (type pdf)
<use ../figs/pbl_background.pdf>
Package pdftex.def Info: ../figs/pbl_background.pdf  used on input line 519.
(pdftex.def)             Requested size: 455.2446pt x 256.08334pt.
 [32

]
<../figs/nationale_prognose_geboorte.png, id=249, 892.33376pt x 651.43375pt>
File: ../figs/nationale_prognose_geboorte.png Graphic file (type png)
<use ../figs/nationale_prognose_geboorte.png>
Package pdftex.def Info: ../figs/nationale_prognose_geboorte.png  used on input
 line 524.
(pdftex.def)             Requested size: 267.7022pt x 195.43163pt.
File: ../figs/pbl_background.pdf Graphic file (type pdf)
<use ../figs/pbl_background.pdf>
Package pdftex.def Info: ../figs/pbl_background.pdf  used on input line 524.
(pdftex.def)             Requested size: 455.2446pt x 256.08334pt.
 [33

 <../figs/nationale_prognose_geboorte.png>]
<../figs/nationale_prognose_sterfte.png, id=255, 895.345pt x 643.40375pt>
File: ../figs/nationale_prognose_sterfte.png Graphic file (type png)
<use ../figs/nationale_prognose_sterfte.png>
Package pdftex.def Info: ../figs/nationale_prognose_sterfte.png  used on input 
line 529.
(pdftex.def)             Requested size: 268.60558pt x 193.02261pt.
File: ../figs/pbl_background.pdf Graphic file (type pdf)
<use ../figs/pbl_background.pdf>
Package pdftex.def Info: ../figs/pbl_background.pdf  used on input line 529.
(pdftex.def)             Requested size: 455.2446pt x 256.08334pt.
 [34

 <../figs/nationale_prognose_sterfte.png>]
<../figs/nationale_prognose_migratie.png, id=261, 912.40875pt x 653.44125pt>
File: ../figs/nationale_prognose_migratie.png Graphic file (type png)
<use ../figs/nationale_prognose_migratie.png>
Package pdftex.def Info: ../figs/nationale_prognose_migratie.png  used on input
 line 534.
(pdftex.def)             Requested size: 273.72473pt x 196.03387pt.
File: ../figs/pbl_background.pdf Graphic file (type pdf)
<use ../figs/pbl_background.pdf>
Package pdftex.def Info: ../figs/pbl_background.pdf  used on input line 534.
(pdftex.def)             Requested size: 455.2446pt x 256.08334pt.

[35

 <../figs/nationale_prognose_migratie.png>]
File: ../figs/nationale_prognose_geboorte.png Graphic file (type png)
<use ../figs/nationale_prognose_geboorte.png>
Package pdftex.def Info: ../figs/nationale_prognose_geboorte.png  used on input
 line 539.
(pdftex.def)             Requested size: 267.7022pt x 195.43163pt.
File: ../figs/pbl_background.pdf Graphic file (type pdf)
<use ../figs/pbl_background.pdf>
Package pdftex.def Info: ../figs/pbl_background.pdf  used on input line 539.
(pdftex.def)             Requested size: 455.2446pt x 256.08334pt.
 [36

]
<../figs/nationale_prognose_bevolking.png, id=272, 853.1875pt x 512.91624pt>
File: ../figs/nationale_prognose_bevolking.png Graphic file (type png)
<use ../figs/nationale_prognose_bevolking.png>
Package pdftex.def Info: ../figs/nationale_prognose_bevolking.png  used on inpu
t line 544.
(pdftex.def)             Requested size: 255.95822pt x 153.87605pt.
File: ../figs/pbl_background.pdf Graphic file (type pdf)
<use ../figs/pbl_background.pdf>
Package pdftex.def Info: ../figs/pbl_background.pdf  used on input line 544.
(pdftex.def)             Requested size: 455.2446pt x 256.08334pt.
 [37

 <../figs/nationale_prognose_bevolking.png>]
<../figs/leeftpyramide2009.png, id=279, 700.6175pt x 673.51625pt>
File: ../figs/leeftpyramide2009.png Graphic file (type png)
<use ../figs/leeftpyramide2009.png>
Package pdftex.def Info: ../figs/leeftpyramide2009.png  used on input line 558.

(pdftex.def)             Requested size: 140.12102pt x 134.70085pt.
<../figs/leeftpyramide2060.png, id=280, 700.6175pt x 673.51625pt>
File: ../figs/leeftpyramide2060.png Graphic file (type png)
<use ../figs/leeftpyramide2060.png>
Package pdftex.def Info: ../figs/leeftpyramide2060.png  used on input line 558.

(pdftex.def)             Requested size: 140.12102pt x 134.70085pt.
File: ../figs/pbl_background.pdf Graphic file (type pdf)
<use ../figs/pbl_background.pdf>
Package pdftex.def Info: ../figs/pbl_background.pdf  used on input line 558.
(pdftex.def)             Requested size: 455.2446pt x 256.08334pt.
 [38

 <../figs/leeftpyramide2009.png> <../figs/leeftpyramide2060.png>]
<../figs/nationale_prognose_onzekerheid.png, id=288, 352.9185pt x 216.81pt>
File: ../figs/nationale_prognose_onzekerheid.png Graphic file (type png)
<use ../figs/nationale_prognose_onzekerheid.png>
Package pdftex.def Info: ../figs/nationale_prognose_onzekerheid.png  used on in
put line 563.
(pdftex.def)             Requested size: 247.04126pt x 151.76596pt.
File: ../figs/pbl_background.pdf Graphic file (type pdf)
<use ../figs/pbl_background.pdf>
Package pdftex.def Info: ../figs/pbl_background.pdf  used on input line 563.
(pdftex.def)             Requested size: 455.2446pt x 256.08334pt.
 [39

 <../figs/nationale_prognose_onzekerheid.png>]
File: ../figs/pbl_background.pdf Graphic file (type pdf)
<use ../figs/pbl_background.pdf>
Package pdftex.def Info: ../figs/pbl_background.pdf  used on input line 575.
(pdftex.def)             Requested size: 455.2446pt x 256.08334pt.
 [40

]
File: ../figs/pbl_background.pdf Graphic file (type pdf)
<use ../figs/pbl_background.pdf>
Package pdftex.def Info: ../figs/pbl_background.pdf  used on input line 604.
(pdftex.def)             Requested size: 455.2446pt x 256.08334pt.
 [41

]
File: ../figs/pbl_background.pdf Graphic file (type pdf)
<use ../figs/pbl_background.pdf>
Package pdftex.def Info: ../figs/pbl_background.pdf  used on input line 617.
(pdftex.def)             Requested size: 455.2446pt x 256.08334pt.
 [42

]
<../figs/regionale_prognose_bplan_national.png, id=314, 448.074pt x 275.3487pt>

File: ../figs/regionale_prognose_bplan_national.png Graphic file (type png)
<use ../figs/regionale_prognose_bplan_national.png>
Package pdftex.def Info: ../figs/regionale_prognose_bplan_national.png  used on
 input line 622.
(pdftex.def)             Requested size: 313.64964pt x 192.74275pt.
File: ../figs/pbl_background.pdf Graphic file (type pdf)
<use ../figs/pbl_background.pdf>
Package pdftex.def Info: ../figs/pbl_background.pdf  used on input line 622.
(pdftex.def)             Requested size: 455.2446pt x 256.08334pt.

[43

 <../figs/regionale_prognose_bplan_national.png>]
<../figs/regionale_prognose_bplan_split.png, id=322, 448.074pt x 275.3487pt>
File: ../figs/regionale_prognose_bplan_split.png Graphic file (type png)
<use ../figs/regionale_prognose_bplan_split.png>
Package pdftex.def Info: ../figs/regionale_prognose_bplan_split.png  used on in
put line 627.
(pdftex.def)             Requested size: 313.64964pt x 192.74275pt.
File: ../figs/pbl_background.pdf Graphic file (type pdf)
<use ../figs/pbl_background.pdf>
Package pdftex.def Info: ../figs/pbl_background.pdf  used on input line 627.
(pdftex.def)             Requested size: 455.2446pt x 256.08334pt.
 [44

 <../figs/regionale_prognose_bplan_split.png>]
<../figs/regionale-prognose-result-0.png, id=328, 437.635pt x 288.07625pt>
File: ../figs/regionale-prognose-result-0.png Graphic file (type png)
<use ../figs/regionale-prognose-result-0.png>
Package pdftex.def Info: ../figs/regionale-prognose-result-0.png  used on input
 line 642.
(pdftex.def)             Requested size: 437.63393pt x 288.07553pt.
 <../figs/regionale-prognose-result-0.png> <a0,fr0>
<../figs/regionale-prognose-result-1.png, id=337, 437.635pt x 288.07625pt>
File: ../figs/regionale-prognose-result-1.png Graphic file (type png)
<use ../figs/regionale-prognose-result-1.png>
Package pdftex.def Info: ../figs/regionale-prognose-result-1.png  used on input
 line 642.
(pdftex.def)             Requested size: 437.63393pt x 288.07553pt.
 <../figs/regionale-prognose-result-1.png> <a0,fr1>
<../figs/regionale-prognose-result-2.png, id=346, 437.635pt x 288.07625pt>
File: ../figs/regionale-prognose-result-2.png Graphic file (type png)
<use ../figs/regionale-prognose-result-2.png>
Package pdftex.def Info: ../figs/regionale-prognose-result-2.png  used on input
 line 642.
(pdftex.def)             Requested size: 437.63393pt x 288.07553pt.
 <../figs/regionale-prognose-result-2.png> <a0,fr2>
<../figs/regionale-prognose-result-3.png, id=355, 437.635pt x 288.07625pt>
File: ../figs/regionale-prognose-result-3.png Graphic file (type png)
<use ../figs/regionale-prognose-result-3.png>
Package pdftex.def Info: ../figs/regionale-prognose-result-3.png  used on input
 line 642.
(pdftex.def)             Requested size: 437.63393pt x 288.07553pt.
 <../figs/regionale-prognose-result-3.png> <a0,fr3>
<../figs/regionale-prognose-result-4.png, id=364, 437.635pt x 288.07625pt>
File: ../figs/regionale-prognose-result-4.png Graphic file (type png)
<use ../figs/regionale-prognose-result-4.png>
Package pdftex.def Info: ../figs/regionale-prognose-result-4.png  used on input
 line 642.
(pdftex.def)             Requested size: 437.63393pt x 288.07553pt.
 <../figs/regionale-prognose-result-4.png> <a0,fr4>
<../figs/regionale-prognose-result-5.png, id=373, 437.635pt x 288.07625pt>
File: ../figs/regionale-prognose-result-5.png Graphic file (type png)
<use ../figs/regionale-prognose-result-5.png>
Package pdftex.def Info: ../figs/regionale-prognose-result-5.png  used on input
 line 642.
(pdftex.def)             Requested size: 437.63393pt x 288.07553pt.
 <../figs/regionale-prognose-result-5.png> <a0,fr5>
<../figs/regionale-prognose-result-6.png, id=382, 437.635pt x 288.07625pt>
File: ../figs/regionale-prognose-result-6.png Graphic file (type png)
<use ../figs/regionale-prognose-result-6.png>
Package pdftex.def Info: ../figs/regionale-prognose-result-6.png  used on input
 line 642.
(pdftex.def)             Requested size: 437.63393pt x 288.07553pt.
 <../figs/regionale-prognose-result-6.png> <a0,fr6>
<../figs/regionale-prognose-result-7.png, id=391, 437.635pt x 288.07625pt>
File: ../figs/regionale-prognose-result-7.png Graphic file (type png)
<use ../figs/regionale-prognose-result-7.png>
Package pdftex.def Info: ../figs/regionale-prognose-result-7.png  used on input
 line 642.
(pdftex.def)             Requested size: 437.63393pt x 288.07553pt.
 <../figs/regionale-prognose-result-7.png> <a0,fr7>
<../figs/regionale-prognose-result-8.png, id=400, 437.635pt x 288.07625pt>
File: ../figs/regionale-prognose-result-8.png Graphic file (type png)
<use ../figs/regionale-prognose-result-8.png>
Package pdftex.def Info: ../figs/regionale-prognose-result-8.png  used on input
 line 642.
(pdftex.def)             Requested size: 437.63393pt x 288.07553pt.
 <../figs/regionale-prognose-result-8.png>
<a0,fr8>
<../figs/regionale-prognose-result-9.png, id=409, 437.635pt x 288.07625pt>
File: ../figs/regionale-prognose-result-9.png Graphic file (type png)
<use ../figs/regionale-prognose-result-9.png>
Package pdftex.def Info: ../figs/regionale-prognose-result-9.png  used on input
 line 642.
(pdftex.def)             Requested size: 437.63393pt x 288.07553pt.
 <../figs/regionale-prognose-result-9.png> <a0,fr9>
<../figs/regionale-prognose-result-10.png, id=418, 437.635pt x 288.07625pt>
File: ../figs/regionale-prognose-result-10.png Graphic file (type png)
<use ../figs/regionale-prognose-result-10.png>
Package pdftex.def Info: ../figs/regionale-prognose-result-10.png  used on inpu
t line 642.
(pdftex.def)             Requested size: 437.63393pt x 288.07553pt.
 <../figs/regionale-prognose-result-10.png> <a0,fr10>
<../figs/regionale-prognose-result-11.png, id=427, 437.635pt x 288.07625pt>
File: ../figs/regionale-prognose-result-11.png Graphic file (type png)
<use ../figs/regionale-prognose-result-11.png>
Package pdftex.def Info: ../figs/regionale-prognose-result-11.png  used on inpu
t line 642.
(pdftex.def)             Requested size: 437.63393pt x 288.07553pt.
 <../figs/regionale-prognose-result-11.png>
<a0,fr11>
<../figs/regionale-prognose-result-12.png, id=436, 437.635pt x 288.07625pt>
File: ../figs/regionale-prognose-result-12.png Graphic file (type png)
<use ../figs/regionale-prognose-result-12.png>
Package pdftex.def Info: ../figs/regionale-prognose-result-12.png  used on inpu
t line 642.
(pdftex.def)             Requested size: 437.63393pt x 288.07553pt.
 <../figs/regionale-prognose-result-12.png> <a0,fr12>
<../figs/regionale-prognose-result-13.png, id=445, 437.635pt x 288.07625pt>
File: ../figs/regionale-prognose-result-13.png Graphic file (type png)
<use ../figs/regionale-prognose-result-13.png>
Package pdftex.def Info: ../figs/regionale-prognose-result-13.png  used on inpu
t line 642.
(pdftex.def)             Requested size: 437.63393pt x 288.07553pt.
 <../figs/regionale-prognose-result-13.png> <a0,fr13>
<../figs/regionale-prognose-result-14.png, id=454, 437.635pt x 288.07625pt>
File: ../figs/regionale-prognose-result-14.png Graphic file (type png)
<use ../figs/regionale-prognose-result-14.png>
Package pdftex.def Info: ../figs/regionale-prognose-result-14.png  used on inpu
t line 642.
(pdftex.def)             Requested size: 437.63393pt x 288.07553pt.
 <../figs/regionale-prognose-result-14.png> <a0,fr14>
<../figs/regionale-prognose-result-15.png, id=463, 437.635pt x 288.07625pt>
File: ../figs/regionale-prognose-result-15.png Graphic file (type png)
<use ../figs/regionale-prognose-result-15.png>
Package pdftex.def Info: ../figs/regionale-prognose-result-15.png  used on inpu
t line 642.
(pdftex.def)             Requested size: 437.63393pt x 288.07553pt.
 <../figs/regionale-prognose-result-15.png> <a0,fr15>
<../figs/regionale-prognose-result-16.png, id=472, 437.635pt x 288.07625pt>
File: ../figs/regionale-prognose-result-16.png Graphic file (type png)
<use ../figs/regionale-prognose-result-16.png>
Package pdftex.def Info: ../figs/regionale-prognose-result-16.png  used on inpu
t line 642.
(pdftex.def)             Requested size: 437.63393pt x 288.07553pt.
 <../figs/regionale-prognose-result-16.png> <a0,fr16>
<../figs/regionale-prognose-result-17.png, id=481, 437.635pt x 288.07625pt>
File: ../figs/regionale-prognose-result-17.png Graphic file (type png)
<use ../figs/regionale-prognose-result-17.png>
Package pdftex.def Info: ../figs/regionale-prognose-result-17.png  used on inpu
t line 642.
(pdftex.def)             Requested size: 437.63393pt x 288.07553pt.
 <../figs/regionale-prognose-result-17.png> <a0,fr17>
<../figs/regionale-prognose-result-18.png, id=490, 437.635pt x 288.07625pt>
File: ../figs/regionale-prognose-result-18.png Graphic file (type png)
<use ../figs/regionale-prognose-result-18.png>
Package pdftex.def Info: ../figs/regionale-prognose-result-18.png  used on inpu
t line 642.
(pdftex.def)             Requested size: 437.63393pt x 288.07553pt.
 <../figs/regionale-prognose-result-18.png> <a0,fr18>
<../figs/regionale-prognose-result-19.png, id=499, 437.635pt x 288.07625pt>
File: ../figs/regionale-prognose-result-19.png Graphic file (type png)
<use ../figs/regionale-prognose-result-19.png>
Package pdftex.def Info: ../figs/regionale-prognose-result-19.png  used on inpu
t line 642.
(pdftex.def)             Requested size: 437.63393pt x 288.07553pt.
 <../figs/regionale-prognose-result-19.png> <a0,fr19>
<../figs/regionale-prognose-result-20.png, id=508, 437.635pt x 288.07625pt>
File: ../figs/regionale-prognose-result-20.png Graphic file (type png)
<use ../figs/regionale-prognose-result-20.png>
Package pdftex.def Info: ../figs/regionale-prognose-result-20.png  used on inpu
t line 642.
(pdftex.def)             Requested size: 437.63393pt x 288.07553pt.
 <../figs/regionale-prognose-result-20.png> <a0,fr20>
<../figs/regionale-prognose-result-21.png, id=517, 437.635pt x 288.07625pt>
File: ../figs/regionale-prognose-result-21.png Graphic file (type png)
<use ../figs/regionale-prognose-result-21.png>
Package pdftex.def Info: ../figs/regionale-prognose-result-21.png  used on inpu
t line 642.
(pdftex.def)             Requested size: 437.63393pt x 288.07553pt.
 <../figs/regionale-prognose-result-21.png> <a0,fr21>
<../figs/regionale-prognose-result-22.png, id=526, 437.635pt x 288.07625pt>
File: ../figs/regionale-prognose-result-22.png Graphic file (type png)
<use ../figs/regionale-prognose-result-22.png>
Package pdftex.def Info: ../figs/regionale-prognose-result-22.png  used on inpu
t line 642.
(pdftex.def)             Requested size: 437.63393pt x 288.07553pt.
 <../figs/regionale-prognose-result-22.png> <a0,fr22>
<../figs/regionale-prognose-result-23.png, id=535, 437.635pt x 288.07625pt>
File: ../figs/regionale-prognose-result-23.png Graphic file (type png)
<use ../figs/regionale-prognose-result-23.png>
Package pdftex.def Info: ../figs/regionale-prognose-result-23.png  used on inpu
t line 642.
(pdftex.def)             Requested size: 437.63393pt x 288.07553pt.
 <../figs/regionale-prognose-result-23.png> <a0,fr23>
<../figs/regionale-prognose-result-24.png, id=544, 437.635pt x 288.07625pt>
File: ../figs/regionale-prognose-result-24.png Graphic file (type png)
<use ../figs/regionale-prognose-result-24.png>
Package pdftex.def Info: ../figs/regionale-prognose-result-24.png  used on inpu
t line 642.
(pdftex.def)             Requested size: 437.63393pt x 288.07553pt.
 <../figs/regionale-prognose-result-24.png> <a0,fr24>
File: ../figs/pbl_background.pdf Graphic file (type pdf)
<use ../figs/pbl_background.pdf>
Package pdftex.def Info: ../figs/pbl_background.pdf  used on input line 642.
(pdftex.def)             Requested size: 455.2446pt x 256.08334pt.
 [45

]
<../figs/regionale_prognose_accuracy.png, id=563, 653.3208pt x 477.2229pt>
File: ../figs/regionale_prognose_accuracy.png Graphic file (type png)
<use ../figs/regionale_prognose_accuracy.png>
Package pdftex.def Info: ../figs/regionale_prognose_accuracy.png  used on input
 line 648.
(pdftex.def)             Requested size: 159.33228pt x 176.4459pt.
LaTeX Font Info:    External font `lmex10' loaded for size
(Font)              <10> on input line 648.
LaTeX Font Info:    External font `lmex10' loaded for size
(Font)              <7> on input line 648.
LaTeX Font Info:    Font shape `T1/lmss/m/it' in size <10> not available
(Font)              Font shape `T1/lmss/m/sl' tried instead on input line 648.
LaTeX Font Info:    Font shape `T1/lmss/m/it' in size <7> not available
(Font)              Font shape `T1/lmss/m/sl' tried instead on input line 648.

Overfull \vbox (0.38063pt too high) detected at line 648
 []

File: ../figs/pbl_background.pdf Graphic file (type pdf)
<use ../figs/pbl_background.pdf>
Package pdftex.def Info: ../figs/pbl_background.pdf  used on input line 648.
(pdftex.def)             Requested size: 455.2446pt x 256.08334pt.
[46

 <../figs/regionale_prognose_accuracy.png (PNG copy)>]
<../figs/regionale_prognose_accuracy_split.png, id=571, 653.3208pt x 477.2229pt
>
File: ../figs/regionale_prognose_accuracy_split.png Graphic file (type png)
<use ../figs/regionale_prognose_accuracy_split.png>
Package pdftex.def Info: ../figs/regionale_prognose_accuracy_split.png  used on
 input line 654.
(pdftex.def)             Requested size: 258.91122pt x 176.4459pt.
File: ../figs/pbl_background.pdf Graphic file (type pdf)
<use ../figs/pbl_background.pdf>
Package pdftex.def Info: ../figs/pbl_background.pdf  used on input line 654.
(pdftex.def)             Requested size: 455.2446pt x 256.08334pt.
 [47

 <../figs/regionale_prognose_accuracy_split.png (PNG copy)>]
File: ../figs/pbl_background.pdf Graphic file (type pdf)
<use ../figs/pbl_background.pdf>
Package pdftex.def Info: ../figs/pbl_background.pdf  used on input line 664.
(pdftex.def)             Requested size: 455.2446pt x 256.08334pt.
 [48

]
File: ../figs/pbl_background.pdf Graphic file (type pdf)
<use ../figs/pbl_background.pdf>
Package pdftex.def Info: ../figs/pbl_background.pdf  used on input line 668.
(pdftex.def)             Requested size: 455.2446pt x 256.08334pt.
 [49

]
File: ../figs/pbl_background.pdf Graphic file (type pdf)
<use ../figs/pbl_background.pdf>
Package pdftex.def Info: ../figs/pbl_background.pdf  used on input line 684.
(pdftex.def)             Requested size: 455.2446pt x 256.08334pt.
 [50

]
\tf@nav=\write8
\openout8 = `hoorcollege_uva.nav'.

\tf@toc=\write9
\openout9 = `hoorcollege_uva.toc'.

\tf@snm=\write10
\openout10 = `hoorcollege_uva.snm'.

Package atveryend Info: Empty hook `BeforeClearDocument' on input line 688.
Package atveryend Info: Empty hook `AfterLastShipout' on input line 688.

(./hoorcollege_uva.aux)
Package atveryend Info: Executing hook `AtVeryEndDocument' on input line 688.
Package atveryend Info: Executing hook `AtEndAfterFileList' on input line 688.
Package rerunfilecheck Info: File `hoorcollege_uva.out' has not changed.
(rerunfilecheck)             Checksum: D41D8CD98F00B204E9800998ECF8427E;0.
 ) 
Here is how much of TeX's memory you used:
 30356 strings out of 492648
 599391 string characters out of 6132015
 662735 words of memory out of 5000000
 33573 multiletter control sequences out of 15000+600000
 603676 words of font info for 79 fonts, out of 8000000 for 9000
 1141 hyphenation exceptions out of 8191
 57i,11n,96p,10415b,777s stack positions out of 5000i,500n,10000p,200000b,80000s
{/usr/share/texmf/fonts/enc/dvips/lm/lm-mathsy.enc}{/usr/share/texmf/fonts/en
c/dvips/lm/lm-mathit.enc}{/usr/share/texmf/fonts/enc/dvips/lm/lm-mathex.enc}{/u
sr/share/texmf/fonts/enc/dvips/lm/lm-rm.enc}{/usr/share/texmf/fonts/enc/dvips/l
m/lm-ec.enc}</usr/share/texmf/fonts/type1/public/lm/lmex10.pfb></usr/share/texm
f/fonts/type1/public/lm/lmmi12.pfb></usr/share/texmf/fonts/type1/public/lm/lmmi
6.pfb></usr/share/texmf/fonts/type1/public/lm/lmmi8.pfb></usr/share/texmf/fonts
/type1/public/lm/lmss10.pfb></usr/share/texmf/fonts/type1/public/lm/lmss12.pfb>
</usr/share/texmf/fonts/type1/public/lm/lmss17.pfb></usr/share/texmf/fonts/type
1/public/lm/lmss8.pfb></usr/share/texmf/fonts/type1/public/lm/lmsso10.pfb></usr
/share/texmf/fonts/type1/public/lm/lmsso12.pfb></usr/share/texmf/fonts/type1/pu
blic/lm/lmsso8.pfb></usr/share/texmf/fonts/type1/public/lm/lmsy10.pfb></usr/sha
re/texmf/fonts/type1/public/lm/lmsy5.pfb></usr/share/texmf/fonts/type1/public/l
m/lmsy6.pfb></usr/share/texmf/fonts/type1/public/lm/lmsy8.pfb></usr/share/texmf
/fonts/type1/public/lm/lmtt8.pfb></usr/share/texlive/texmf-dist/fonts/type1/pub
lic/amsfonts/symbols/msam10.pfb>
Output written on hoorcollege_uva.pdf (50 pages, 8213160 bytes).
PDF statistics:
 681 PDF objects out of 1000 (max. 8388607)
 433 compressed objects within 5 object streams
 101 named destinations out of 1000 (max. 500000)
 750 words of extra memory for PDF output out of 10000 (max. 10000000)

